This file contains any messages produced by compilers while
running configure, to aid debugging if configure makes a mistake.

It was created by configure, which was
generated by GNU Autoconf 2.69.  Invocation command line was

  $ ./configure --disable-option-checking --prefix=/usr/local --with-python --cache-file=/dev/null --srcdir=.

## --------- ##
## Platform. ##
## --------- ##

hostname = Daniel-Jorge.local
uname -m = x86_64
uname -r = 14.3.0
uname -s = Darwin
uname -v = Darwin Kernel Version 14.3.0: Mon Mar 23 11:59:05 PDT 2015; root:xnu-2782.20.48~5/RELEASE_X86_64

/usr/bin/uname -p = i386
/bin/uname -X     = unknown

/bin/arch              = unknown
/usr/bin/arch -k       = unknown
/usr/convex/getsysinfo = unknown
/usr/bin/hostinfo      = Mach kernel version:
	 Darwin Kernel Version 14.3.0: Mon Mar 23 11:59:05 PDT 2015; root:xnu-2782.20.48~5/RELEASE_X86_64
Kernel configured for up to 4 processors.
2 processors are physically available.
4 processors are logically available.
Processor type: i486 (Intel 80486)
Processors active: 0 1 2 3
Primary memory available: 4.00 gigabytes
Default processor set: 223 tasks, 1140 threads, 4 processors
Load average: 2.76, Mach factor: 1.32
/bin/machine           = unknown
/usr/bin/oslevel       = unknown
/bin/universe          = unknown

PATH: /usr/local/bin
PATH: /usr/bin
PATH: /bin
PATH: /usr/sbin
PATH: /sbin
PATH: /opt/X11/bin
PATH: /usr/local/git/bin


## ----------- ##
## Core tests. ##
## ----------- ##

configure:2208: checking build system type
configure:2222: result: i686-apple-darwin14.3.0
configure:2242: checking host system type
configure:2255: result: i686-apple-darwin14.3.0
configure:2359: checking for gcc
configure:2375: found /usr/bin/gcc
configure:2386: result: gcc
configure:2615: checking for C compiler version
configure:2624: gcc --version >&5
Apple LLVM version 6.1.0 (clang-602.0.53) (based on LLVM 3.6.0svn)
Target: x86_64-apple-darwin14.3.0
Thread model: posix
Configured with: --prefix=/Applications/Xcode.app/Contents/Developer/usr --with-gxx-include-dir=/Applications/Xcode.app/Contents/Developer/Platforms/MacOSX.platform/Developer/SDKs/MacOSX10.10.sdk/usr/include/c++/4.2.1
configure:2635: $? = 0
configure:2624: gcc -v >&5
Configured with: --prefix=/Applications/Xcode.app/Contents/Developer/usr --with-gxx-include-dir=/Applications/Xcode.app/Contents/Developer/Platforms/MacOSX.platform/Developer/SDKs/MacOSX10.10.sdk/usr/include/c++/4.2.1
Apple LLVM version 6.1.0 (clang-602.0.53) (based on LLVM 3.6.0svn)
Target: x86_64-apple-darwin14.3.0
Thread model: posix
configure:2635: $? = 0
configure:2624: gcc -V >&5
clang: error: argument to '-V' is missing (expected 1 value)
clang: error: no input files
configure:2635: $? = 1
configure:2624: gcc -qversion >&5
clang: error: unknown argument: '-qversion'
clang: error: no input files
configure:2635: $? = 1
configure:2655: checking whether the C compiler works
configure:2677: gcc    conftest.c  >&5
configure:2681: $? = 0
configure:2729: result: yes
configure:2732: checking for C compiler default output file name
configure:2734: result: a.out
configure:2740: checking for suffix of executables
configure:2747: gcc -o conftest    conftest.c  >&5
configure:2751: $? = 0
configure:2773: result: 
configure:2795: checking whether we are cross compiling
configure:2803: gcc -o conftest    conftest.c  >&5
configure:2807: $? = 0
configure:2814: ./conftest
configure:2818: $? = 0
configure:2833: result: no
configure:2838: checking for suffix of object files
configure:2860: gcc -c   conftest.c >&5
configure:2864: $? = 0
configure:2885: result: o
configure:2889: checking whether we are using the GNU C compiler
configure:2908: gcc -c   conftest.c >&5
configure:2908: $? = 0
configure:2917: result: yes
configure:2926: checking whether gcc accepts -g
configure:2946: gcc -c -g  conftest.c >&5
configure:2946: $? = 0
configure:2987: result: yes
configure:3004: checking for gcc option to accept ISO C89
configure:3067: gcc  -c -g -O2  conftest.c >&5
configure:3067: $? = 0
configure:3080: result: none needed
configure:3105: checking how to run the C preprocessor
configure:3136: gcc -E  conftest.c
configure:3136: $? = 0
configure:3150: gcc -E  conftest.c
conftest.c:10:10: fatal error: 'ac_nonexistent.h' file not found
#include <ac_nonexistent.h>
         ^
1 error generated.
configure:3150: $? = 1
configure: failed program was:
| /* confdefs.h */
| #define PACKAGE_NAME ""
| #define PACKAGE_TARNAME ""
| #define PACKAGE_VERSION ""
| #define PACKAGE_STRING ""
| #define PACKAGE_BUGREPORT ""
| #define PACKAGE_URL ""
| #define UNIX 1
| /* end confdefs.h.  */
| #include <ac_nonexistent.h>
configure:3175: result: gcc -E
configure:3195: gcc -E  conftest.c
configure:3195: $? = 0
configure:3209: gcc -E  conftest.c
conftest.c:10:10: fatal error: 'ac_nonexistent.h' file not found
#include <ac_nonexistent.h>
         ^
1 error generated.
configure:3209: $? = 1
configure: failed program was:
| /* confdefs.h */
| #define PACKAGE_NAME ""
| #define PACKAGE_TARNAME ""
| #define PACKAGE_VERSION ""
| #define PACKAGE_STRING ""
| #define PACKAGE_BUGREPORT ""
| #define PACKAGE_URL ""
| #define UNIX 1
| /* end confdefs.h.  */
| #include <ac_nonexistent.h>
configure:3295: checking for g++
configure:3311: found /usr/bin/g++
configure:3322: result: g++
configure:3349: checking for C++ compiler version
configure:3358: g++ --version >&5
Apple LLVM version 6.1.0 (clang-602.0.53) (based on LLVM 3.6.0svn)
Target: x86_64-apple-darwin14.3.0
Thread model: posix
Configured with: --prefix=/Applications/Xcode.app/Contents/Developer/usr --with-gxx-include-dir=/Applications/Xcode.app/Contents/Developer/Platforms/MacOSX.platform/Developer/SDKs/MacOSX10.10.sdk/usr/include/c++/4.2.1
configure:3369: $? = 0
configure:3358: g++ -v >&5
Configured with: --prefix=/Applications/Xcode.app/Contents/Developer/usr --with-gxx-include-dir=/Applications/Xcode.app/Contents/Developer/Platforms/MacOSX.platform/Developer/SDKs/MacOSX10.10.sdk/usr/include/c++/4.2.1
Apple LLVM version 6.1.0 (clang-602.0.53) (based on LLVM 3.6.0svn)
Target: x86_64-apple-darwin14.3.0
Thread model: posix
configure:3369: $? = 0
configure:3358: g++ -V >&5
clang: error: argument to '-V' is missing (expected 1 value)
clang: error: no input files
configure:3369: $? = 1
configure:3358: g++ -qversion >&5
clang: error: unknown argument: '-qversion'
clang: error: no input files
configure:3369: $? = 1
configure:3373: checking whether we are using the GNU C++ compiler
configure:3392: g++ -c   conftest.cpp >&5
configure:3392: $? = 0
configure:3401: result: yes
configure:3410: checking whether g++ accepts -g
configure:3430: g++ -c -g  conftest.cpp >&5
configure:3430: $? = 0
configure:3471: result: yes
configure:3537: checking for ranlib
configure:3553: found /usr/bin/ranlib
configure:3564: result: ranlib
configure:3600: checking for a BSD-compatible install
configure:3668: result: /usr/bin/install -c
configure:3681: checking for find
configure:3697: found /usr/bin/find
configure:3709: result: find
configure:3719: checking for makedepend
configure:3735: found /opt/X11/bin/makedepend
configure:3747: result: makedepend
configure:3756: checking for dlopen in -ldl
configure:3781: gcc -o conftest -g -O2   conftest.c -ldl   >&5
configure:3781: $? = 0
configure:3790: result: yes
configure:3805: checking for X
configure:3913: gcc -E  conftest.c
conftest.c:10:10: fatal error: 'X11/Xlib.h' file not found
#include <X11/Xlib.h>
         ^
1 error generated.
configure:3913: $? = 1
configure: failed program was:
| /* confdefs.h */
| #define PACKAGE_NAME ""
| #define PACKAGE_TARNAME ""
| #define PACKAGE_VERSION ""
| #define PACKAGE_STRING ""
| #define PACKAGE_BUGREPORT ""
| #define PACKAGE_URL ""
| #define UNIX 1
| /* end confdefs.h.  */
| #include <X11/Xlib.h>
configure:3944: gcc -o conftest -g -O2   conftest.c -lX11  >&5
conftest.c:10:10: fatal error: 'X11/Xlib.h' file not found
#include <X11/Xlib.h>
         ^
1 error generated.
configure:3944: $? = 1
configure: failed program was:
| /* confdefs.h */
| #define PACKAGE_NAME ""
| #define PACKAGE_TARNAME ""
| #define PACKAGE_VERSION ""
| #define PACKAGE_STRING ""
| #define PACKAGE_BUGREPORT ""
| #define PACKAGE_URL ""
| #define UNIX 1
| /* end confdefs.h.  */
| #include <X11/Xlib.h>
| int
| main ()
| {
| XrmInitialize ()
|   ;
|   return 0;
| }
configure:3983: result: no
configure:4502: checking for main in -lm
configure:4521: gcc -o conftest -g -O2  -I/usr/local/include    -L/usr/local/lib conftest.c -lm   >&5
configure:4521: $? = 0
configure:4530: result: yes
configure:4540: checking for main in -lX11
configure:4559: gcc -o conftest -g -O2  -I/usr/local/include    -L/usr/local/lib -lm conftest.c -lX11   >&5
ld: library not found for -lX11
clang: error: linker command failed with exit code 1 (use -v to see invocation)
configure:4559: $? = 1
configure: failed program was:
| /* confdefs.h */
| #define PACKAGE_NAME ""
| #define PACKAGE_TARNAME ""
| #define PACKAGE_VERSION ""
| #define PACKAGE_STRING ""
| #define PACKAGE_BUGREPORT ""
| #define PACKAGE_URL ""
| #define UNIX 1
| #define X_DISPLAY_MISSING 1
| #define DO_PS 1
| #define DO_FIG 1
| /* end confdefs.h.  */
| 
| 
| int
| main ()
| {
| return main ();
|   ;
|   return 0;
| }
configure:4568: result: no
configure:4575: checking for main in -lgd
configure:4594: gcc -o conftest -g -O2  -I/usr/local/include    -L/usr/local/lib -lm conftest.c -lgd   >&5
ld: library not found for -lgd
clang: error: linker command failed with exit code 1 (use -v to see invocation)
configure:4594: $? = 1
configure: failed program was:
| /* confdefs.h */
| #define PACKAGE_NAME ""
| #define PACKAGE_TARNAME ""
| #define PACKAGE_VERSION ""
| #define PACKAGE_STRING ""
| #define PACKAGE_BUGREPORT ""
| #define PACKAGE_URL ""
| #define UNIX 1
| #define X_DISPLAY_MISSING 1
| #define DO_PS 1
| #define DO_FIG 1
| /* end confdefs.h.  */
| 
| 
| int
| main ()
| {
| return main ();
|   ;
|   return 0;
| }
configure:4603: result: no
configure:4726: checking for grep that handles long lines and -e
configure:4784: result: /usr/bin/grep
configure:4789: checking for egrep
configure:4851: result: /usr/bin/grep -E
configure:4856: checking for ANSI C header files
configure:4876: gcc -c -g -O2  -I/usr/local/include  conftest.c >&5
configure:4876: $? = 0
configure:4949: gcc -o conftest -g -O2  -I/usr/local/include    -L/usr/local/lib -lm conftest.c  >&5
configure:4949: $? = 0
configure:4949: ./conftest
configure:4949: $? = 0
configure:4960: result: yes
configure:4973: checking for sys/types.h
configure:4973: gcc -c -g -O2  -I/usr/local/include  conftest.c >&5
configure:4973: $? = 0
configure:4973: result: yes
configure:4973: checking for sys/stat.h
configure:4973: gcc -c -g -O2  -I/usr/local/include  conftest.c >&5
configure:4973: $? = 0
configure:4973: result: yes
configure:4973: checking for stdlib.h
configure:4973: gcc -c -g -O2  -I/usr/local/include  conftest.c >&5
configure:4973: $? = 0
configure:4973: result: yes
configure:4973: checking for string.h
configure:4973: gcc -c -g -O2  -I/usr/local/include  conftest.c >&5
configure:4973: $? = 0
configure:4973: result: yes
configure:4973: checking for memory.h
configure:4973: gcc -c -g -O2  -I/usr/local/include  conftest.c >&5
configure:4973: $? = 0
configure:4973: result: yes
configure:4973: checking for strings.h
configure:4973: gcc -c -g -O2  -I/usr/local/include  conftest.c >&5
configure:4973: $? = 0
configure:4973: result: yes
configure:4973: checking for inttypes.h
configure:4973: gcc -c -g -O2  -I/usr/local/include  conftest.c >&5
configure:4973: $? = 0
configure:4973: result: yes
configure:4973: checking for stdint.h
configure:4973: gcc -c -g -O2  -I/usr/local/include  conftest.c >&5
configure:4973: $? = 0
configure:4973: result: yes
configure:4973: checking for unistd.h
configure:4973: gcc -c -g -O2  -I/usr/local/include  conftest.c >&5
configure:4973: $? = 0
configure:4973: result: yes
configure:4987: checking limits.h usability
configure:4987: gcc -c -g -O2  -I/usr/local/include  conftest.c >&5
configure:4987: $? = 0
configure:4987: result: yes
configure:4987: checking limits.h presence
configure:4987: gcc -E  conftest.c
configure:4987: $? = 0
configure:4987: result: yes
configure:4987: checking for limits.h
configure:4987: result: yes
configure:5156: creating ./config.status

## ---------------------- ##
## Running config.status. ##
## ---------------------- ##

This file was extended by config.status, which was
generated by GNU Autoconf 2.69.  Invocation command line was

  CONFIG_FILES    = 
  CONFIG_HEADERS  = 
  CONFIG_LINKS    = 
  CONFIG_COMMANDS = 
  $ ./config.status 

on Daniel-Jorge.local

config.status:757: creating Makefile
config.status:757: creating demo/Makefile
config.status:757: creating g2_perl/Makefile.PL

## ---------------- ##
## Cache variables. ##
## ---------------- ##

ac_cv_build=i686-apple-darwin14.3.0
ac_cv_c_compiler_gnu=yes
ac_cv_cxx_compiler_gnu=yes
ac_cv_env_CCC_set=
ac_cv_env_CCC_value=
ac_cv_env_CC_set=
ac_cv_env_CC_value=
ac_cv_env_CFLAGS_set=
ac_cv_env_CFLAGS_value=
ac_cv_env_CPPFLAGS_set=
ac_cv_env_CPPFLAGS_value=
ac_cv_env_CPP_set=
ac_cv_env_CPP_value=
ac_cv_env_CXXFLAGS_set=
ac_cv_env_CXXFLAGS_value=
ac_cv_env_CXX_set=
ac_cv_env_CXX_value=
ac_cv_env_LDFLAGS_set=
ac_cv_env_LDFLAGS_value=
ac_cv_env_LIBS_set=
ac_cv_env_LIBS_value=
ac_cv_env_XMKMF_set=
ac_cv_env_XMKMF_value=
ac_cv_env_build_alias_set=
ac_cv_env_build_alias_value=
ac_cv_env_host_alias_set=
ac_cv_env_host_alias_value=
ac_cv_env_target_alias_set=
ac_cv_env_target_alias_value=
ac_cv_have_x=have_x=no
ac_cv_header_inttypes_h=yes
ac_cv_header_limits_h=yes
ac_cv_header_memory_h=yes
ac_cv_header_stdc=yes
ac_cv_header_stdint_h=yes
ac_cv_header_stdlib_h=yes
ac_cv_header_string_h=yes
ac_cv_header_strings_h=yes
ac_cv_header_sys_stat_h=yes
ac_cv_header_sys_types_h=yes
ac_cv_header_unistd_h=yes
ac_cv_host=i686-apple-darwin14.3.0
ac_cv_lib_X11_main=no
ac_cv_lib_dl_dlopen=yes
ac_cv_lib_gd_main=no
ac_cv_lib_m_main=yes
ac_cv_objext=o
ac_cv_path_EGREP='/usr/bin/grep -E'
ac_cv_path_GREP=/usr/bin/grep
ac_cv_path_install='/usr/bin/install -c'
ac_cv_prog_CPP='gcc -E'
ac_cv_prog_FIND=find
ac_cv_prog_MAKEDEPEND=makedepend
ac_cv_prog_ac_ct_CC=gcc
ac_cv_prog_ac_ct_CXX=g++
ac_cv_prog_ac_ct_RANLIB=ranlib
ac_cv_prog_cc_c89=
ac_cv_prog_cc_g=yes
ac_cv_prog_cxx_g=yes

## ----------------- ##
## Output variables. ##
## ----------------- ##

CC='gcc'
CFLAGS='-g -O2  -I/usr/local/include'
CPP='gcc -E'
CPPFLAGS=''
CXX='g++'
CXXFLAGS='-g -O2'
DEFS='-DPACKAGE_NAME=\"\" -DPACKAGE_TARNAME=\"\" -DPACKAGE_VERSION=\"\" -DPACKAGE_STRING=\"\" -DPACKAGE_BUGREPORT=\"\" -DPACKAGE_URL=\"\" -DUNIX=1 -DX_DISPLAY_MISSING=1 -DDO_PS=1 -DDO_FIG=1 -DSTDC_HEADERS=1 -DHAVE_SYS_TYPES_H=1 -DHAVE_SYS_STAT_H=1 -DHAVE_STDLIB_H=1 -DHAVE_STRING_H=1 -DHAVE_MEMORY_H=1 -DHAVE_STRINGS_H=1 -DHAVE_INTTYPES_H=1 -DHAVE_STDINT_H=1 -DHAVE_UNISTD_H=1 -DHAVE_LIMITS_H=1'
DO_FIG=''
DO_GD='#'
DO_PS=''
DO_WIN32='#'
DO_X11='#'
ECHO_C='\c'
ECHO_N=''
ECHO_T=''
EGREP='/usr/bin/grep -E'
EXEEXT=''
FIND='find'
GREP='/usr/bin/grep'
INSTALL_DATA='${INSTALL} -m 644'
INSTALL_PROGRAM='${INSTALL}'
INSTALL_SCRIPT='${INSTALL}'
LDFLAGS='  -L/usr/local/lib -lm'
LD_SHARED=''
LD_SHARED_EXT='so'
LD_SHARED_FLAGS=''
LD_SHARED_OPT=''
LIBOBJS=''
LIBS=''
LTLIBOBJS=''
MAKEDEPEND='makedepend'
OBJEXT='o'
PACKAGE_BUGREPORT=''
PACKAGE_NAME=''
PACKAGE_STRING=''
PACKAGE_TARNAME=''
PACKAGE_URL=''
PACKAGE_VERSION=''
PATH_SEPARATOR=':'
RANLIB='ranlib'
SHELL='/bin/sh'
XMKMF=''
X_CFLAGS=''
X_EXTRA_LIBS=''
X_LIBS=''
X_PRE_LIBS=''
ac_ct_CC='gcc'
ac_ct_CXX='g++'
bindir='${exec_prefix}/bin'
build='i686-apple-darwin14.3.0'
build_alias=''
build_cpu='i686'
build_os='darwin14.3.0'
build_vendor='apple'
datadir='${datarootdir}'
datarootdir='${prefix}/share'
docdir='${datarootdir}/doc/${PACKAGE}'
dvidir='${docdir}'
exec_prefix='${prefix}'
host='i686-apple-darwin14.3.0'
host_alias=''
host_cpu='i686'
host_os='darwin14.3.0'
host_vendor='apple'
htmldir='${docdir}'
includedir='${prefix}/include'
infodir='${datarootdir}/info'
libdir='${exec_prefix}/lib'
libexecdir='${exec_prefix}/libexec'
localedir='${datarootdir}/locale'
localstatedir='${prefix}/var'
mandir='${datarootdir}/man'
oldincludedir='/usr/include'
pdfdir='${docdir}'
prefix='/usr/local'
program_transform_name='s,x,x,'
psdir='${docdir}'
sbindir='${exec_prefix}/sbin'
sharedstatedir='${prefix}/com'
sysconfdir='${prefix}/etc'
target_alias=''

## ----------- ##
## confdefs.h. ##
## ----------- ##

/* confdefs.h */
#define PACKAGE_NAME ""
#define PACKAGE_TARNAME ""
#define PACKAGE_VERSION ""
#define PACKAGE_STRING ""
#define PACKAGE_BUGREPORT ""
#define PACKAGE_URL ""
#define UNIX 1
#define X_DISPLAY_MISSING 1
#define DO_PS 1
#define DO_FIG 1
#define STDC_HEADERS 1
#define HAVE_SYS_TYPES_H 1
#define HAVE_SYS_STAT_H 1
#define HAVE_STDLIB_H 1
#define HAVE_STRING_H 1
#define HAVE_MEMORY_H 1
#define HAVE_STRINGS_H 1
#define HAVE_INTTYPES_H 1
#define HAVE_STDINT_H 1
#define HAVE_UNISTD_H 1
#define HAVE_LIMITS_H 1

configure: exit 0
