This file contains any messages produced by compilers while
running configure, to aid debugging if configure makes a mistake.

It was created by EMBOSS configure 6.6.0, which was
generated by GNU Autoconf 2.69.  Invocation command line was

  $ ./configure 

## --------- ##
## Platform. ##
## --------- ##

hostname = Daniel-Jorge.local
uname -m = x86_64
uname -r = 13.3.0
uname -s = Darwin
uname -v = Darwin Kernel Version 13.3.0: Tue Jun  3 21:27:35 PDT 2014; root:xnu-2422.110.17~1/RELEASE_X86_64

/usr/bin/uname -p = i386
/bin/uname -X     = unknown

/bin/arch              = unknown
/usr/bin/arch -k       = unknown
/usr/convex/getsysinfo = unknown
/usr/bin/hostinfo      = Mach kernel version:
	 Darwin Kernel Version 13.3.0: Tue Jun  3 21:27:35 PDT 2014; root:xnu-2422.110.17~1/RELEASE_X86_64
Kernel configured for up to 4 processors.
2 processors are physically available.
4 processors are logically available.
Processor type: i486 (Intel 80486)
Processors active: 0 1 2 3
Primary memory available: 4.00 gigabytes
Default processor set: 198 tasks, 1286 threads, 4 processors
Load average: 1.26, Mach factor: 2.73
/bin/machine           = unknown
/usr/bin/oslevel       = unknown
/bin/universe          = unknown

PATH: /usr/bin
PATH: /bin
PATH: /usr/sbin
PATH: /sbin
PATH: /usr/local/bin
PATH: /opt/X11/bin
PATH: /usr/local/git/bin


## ----------- ##
## Core tests. ##
## ----------- ##

configure:2556: checking for gawk
configure:2586: result: no
configure:2556: checking for mawk
configure:2586: result: no
configure:2556: checking for nawk
configure:2586: result: no
configure:2556: checking for awk
configure:2572: found /usr/bin/awk
configure:2583: result: awk
configure:2648: checking for icc
configure:2678: result: no
configure:2648: checking for gcc
configure:2664: found /usr/bin/gcc
configure:2675: result: gcc
configure:2706: checking for C compiler version
configure:2715: gcc --version >&5
Apple LLVM version 5.1 (clang-503.0.40) (based on LLVM 3.4svn)
Target: x86_64-apple-darwin13.3.0
Thread model: posix
Configured with: --prefix=/Applications/Xcode.app/Contents/Developer/usr --with-gxx-include-dir=/Applications/Xcode.app/Contents/Developer/Platforms/MacOSX.platform/Developer/SDKs/MacOSX10.9.sdk/usr/include/c++/4.2.1
configure:2726: $? = 0
configure:2715: gcc -v >&5
Configured with: --prefix=/Applications/Xcode.app/Contents/Developer/usr --with-gxx-include-dir=/Applications/Xcode.app/Contents/Developer/Platforms/MacOSX.platform/Developer/SDKs/MacOSX10.9.sdk/usr/include/c++/4.2.1
Apple LLVM version 5.1 (clang-503.0.40) (based on LLVM 3.4svn)
Target: x86_64-apple-darwin13.3.0
Thread model: posix
configure:2726: $? = 0
configure:2715: gcc -V >&5
clang: error: argument to '-V' is missing (expected 1 value)
clang: error: no input files
configure:2726: $? = 1
configure:2715: gcc -qversion >&5
clang: error: unknown argument: '-qversion' [-Wunused-command-line-argument-hard-error-in-future]
clang: note: this will be a hard error (cannot be downgraded to a warning) in the future
clang: error: no input files
configure:2726: $? = 1
configure:2746: checking whether the C compiler works
configure:2768: gcc     conftest.c  >&5
configure:2772: $? = 0
configure:2820: result: yes
configure:2823: checking for C compiler default output file name
configure:2825: result: a.out
configure:2831: checking for suffix of executables
configure:2838: gcc -o conftest     conftest.c  >&5
configure:2842: $? = 0
configure:2864: result: 
configure:2886: checking whether we are cross compiling
configure:2894: gcc -o conftest     conftest.c  >&5
configure:2898: $? = 0
configure:2905: ./conftest
configure:2909: $? = 0
configure:2924: result: no
configure:2929: checking for suffix of object files
configure:2951: gcc -c    conftest.c >&5
configure:2955: $? = 0
configure:2976: result: o
configure:2980: checking whether we are using the GNU C compiler
configure:2999: gcc -c    conftest.c >&5
configure:2999: $? = 0
configure:3008: result: yes
configure:3017: checking whether gcc accepts -g
configure:3037: gcc -c -g  conftest.c >&5
configure:3037: $? = 0
configure:3078: result: yes
configure:3095: checking for gcc option to accept ISO C89
configure:3158: gcc  -c    conftest.c >&5
configure:3158: $? = 0
configure:3171: result: none needed
configure:3249: checking for icpc
configure:3279: result: no
configure:3249: checking for g++
configure:3265: found /usr/bin/g++
configure:3276: result: g++
configure:3303: checking for C++ compiler version
configure:3312: g++ --version >&5
Apple LLVM version 5.1 (clang-503.0.40) (based on LLVM 3.4svn)
Target: x86_64-apple-darwin13.3.0
Thread model: posix
Configured with: --prefix=/Applications/Xcode.app/Contents/Developer/usr --with-gxx-include-dir=/Applications/Xcode.app/Contents/Developer/Platforms/MacOSX.platform/Developer/SDKs/MacOSX10.9.sdk/usr/include/c++/4.2.1
configure:3323: $? = 0
configure:3312: g++ -v >&5
Configured with: --prefix=/Applications/Xcode.app/Contents/Developer/usr --with-gxx-include-dir=/Applications/Xcode.app/Contents/Developer/Platforms/MacOSX.platform/Developer/SDKs/MacOSX10.9.sdk/usr/include/c++/4.2.1
Apple LLVM version 5.1 (clang-503.0.40) (based on LLVM 3.4svn)
Target: x86_64-apple-darwin13.3.0
Thread model: posix
configure:3323: $? = 0
configure:3312: g++ -V >&5
clang: error: argument to '-V' is missing (expected 1 value)
clang: error: no input files
configure:3323: $? = 1
configure:3312: g++ -qversion >&5
clang: error: unknown argument: '-qversion' [-Wunused-command-line-argument-hard-error-in-future]
clang: note: this will be a hard error (cannot be downgraded to a warning) in the future
clang: error: no input files
configure:3323: $? = 1
configure:3327: checking whether we are using the GNU C++ compiler
configure:3346: g++ -c   conftest.cpp >&5
configure:3346: $? = 0
configure:3355: result: yes
configure:3364: checking whether g++ accepts -g
configure:3384: g++ -c -g  conftest.cpp >&5
configure:3384: $? = 0
configure:3425: result: yes
configure:3453: checking how to run the C preprocessor
configure:3484: gcc -E  conftest.c
configure:3484: $? = 0
configure:3498: gcc -E  conftest.c
conftest.c:9:10: fatal error: 'ac_nonexistent.h' file not found
#include <ac_nonexistent.h>
         ^
1 error generated.
configure:3498: $? = 1
configure: failed program was:
| /* confdefs.h */
| #define PACKAGE_NAME "EMBOSS"
| #define PACKAGE_TARNAME "EMBOSS"
| #define PACKAGE_VERSION "6.6.0"
| #define PACKAGE_STRING "EMBOSS 6.6.0"
| #define PACKAGE_BUGREPORT "emboss-bug@emboss.open-bio.org"
| #define PACKAGE_URL "http://emboss.open-bio.org/"
| /* end confdefs.h.  */
| #include <ac_nonexistent.h>
configure:3523: result: gcc -E
configure:3543: gcc -E  conftest.c
configure:3543: $? = 0
configure:3557: gcc -E  conftest.c
conftest.c:9:10: fatal error: 'ac_nonexistent.h' file not found
#include <ac_nonexistent.h>
         ^
1 error generated.
configure:3557: $? = 1
configure: failed program was:
| /* confdefs.h */
| #define PACKAGE_NAME "EMBOSS"
| #define PACKAGE_TARNAME "EMBOSS"
| #define PACKAGE_VERSION "6.6.0"
| #define PACKAGE_STRING "EMBOSS 6.6.0"
| #define PACKAGE_BUGREPORT "emboss-bug@emboss.open-bio.org"
| #define PACKAGE_URL "http://emboss.open-bio.org/"
| /* end confdefs.h.  */
| #include <ac_nonexistent.h>
configure:3628: checking for a BSD-compatible install
configure:3696: result: /usr/bin/install -c
configure:3707: checking whether ln -s works
configure:3711: result: yes
configure:3718: checking whether make sets $(MAKE)
configure:3740: result: yes
configure:3749: checking for a thread-safe mkdir -p
configure:3788: result: ./install-sh -c -d
configure:3794: checking whether build environment is sane
configure:3849: result: yes
configure:4021: checking for style of include used by make
configure:4049: result: GNU
configure:4141: checking dependency style of gcc
configure:4252: result: gcc3
configure:4269: checking dependency style of g++
configure:4380: result: gcc3
configure:4427: checking build system type
configure:4441: result: x86_64-apple-darwin13.3.0
configure:4461: checking host system type
configure:4474: result: x86_64-apple-darwin13.3.0
configure:4515: checking how to print strings
configure:4542: result: printf
configure:4563: checking for a sed that does not truncate output
configure:4627: result: /usr/bin/sed
configure:4645: checking for grep that handles long lines and -e
configure:4703: result: /usr/bin/grep
configure:4708: checking for egrep
configure:4770: result: /usr/bin/grep -E
configure:4775: checking for fgrep
configure:4837: result: /usr/bin/grep -F
configure:4872: checking for ld used by gcc
configure:4939: result: /Applications/Xcode.app/Contents/Developer/Toolchains/XcodeDefault.xctoolchain/usr/bin/ld
configure:4946: checking if the linker (/Applications/Xcode.app/Contents/Developer/Toolchains/XcodeDefault.xctoolchain/usr/bin/ld) is GNU ld
configure:4961: result: no
configure:4973: checking for BSD- or MS-compatible name lister (nm)
configure:5022: result: /usr/bin/nm
configure:5152: checking the name lister (/usr/bin/nm) interface
configure:5159: gcc -c    conftest.c >&5
configure:5162: /usr/bin/nm "conftest.o"
configure:5165: output
0000000000000000 S _some_variable
configure:5172: result: BSD nm
configure:5176: checking the maximum length of command line arguments
configure:5306: result: 196608
configure:5323: checking whether the shell understands some XSI constructs
configure:5333: result: yes
configure:5337: checking whether the shell understands "+="
configure:5343: result: yes
configure:5378: checking how to convert x86_64-apple-darwin13.3.0 file names to x86_64-apple-darwin13.3.0 format
configure:5418: result: func_convert_file_noop
configure:5425: checking how to convert x86_64-apple-darwin13.3.0 file names to toolchain format
configure:5445: result: func_convert_file_noop
configure:5452: checking for /Applications/Xcode.app/Contents/Developer/Toolchains/XcodeDefault.xctoolchain/usr/bin/ld option to reload object files
configure:5459: result: -r
configure:5533: checking for objdump
configure:5563: result: no
configure:5592: checking how to recognize dependent libraries
configure:5794: result: pass_all
configure:5879: checking for dlltool
configure:5909: result: no
configure:5939: checking how to associate runtime and link libraries
configure:5966: result: printf %s\n
configure:6027: checking for ar
configure:6043: found /usr/bin/ar
configure:6054: result: ar
configure:6091: checking for archiver @FILE support
configure:6108: gcc -c    conftest.c >&5
configure:6108: $? = 0
configure:6111: ar cru libconftest.a @conftest.lst >&5
ar: @conftest.lst: No such file or directory
configure:6114: $? = 1
configure:6134: result: no
configure:6192: checking for strip
configure:6208: found /usr/bin/strip
configure:6219: result: strip
configure:6291: checking for ranlib
configure:6307: found /usr/bin/ranlib
configure:6318: result: ranlib
configure:6420: checking command to parse /usr/bin/nm output from gcc object
configure:6540: gcc -c    conftest.c >&5
configure:6543: $? = 0
configure:6547: /usr/bin/nm conftest.o \| sed -n -e 's/^.*[ ]\([BCDEGRST][BCDEGRST]*\)[ ][ ]*\([_A-Za-z][_A-Za-z0-9]*\)$/\1 \2 \2/p' | sed '/ __gnu_lto/d' \> conftest.nm
configure:6550: $? = 0
cannot find nm_test_var in conftest.nm
configure:6540: gcc -c    conftest.c >&5
configure:6543: $? = 0
configure:6547: /usr/bin/nm conftest.o \| sed -n -e 's/^.*[ ]\([BCDEGRST][BCDEGRST]*\)[ ][ ]*_\([_A-Za-z][_A-Za-z0-9]*\)$/\1 _\2 \2/p' | sed '/ __gnu_lto/d' \> conftest.nm
configure:6550: $? = 0
configure:6616: gcc -o conftest     conftest.c conftstm.o >&5
configure:6619: $? = 0
configure:6657: result: ok
configure:6694: checking for sysroot
configure:6724: result: no
configure:6980: checking for mt
configure:7010: result: no
configure:7030: checking if : is a manifest tool
configure:7036: : '-?'
configure:7044: result: no
configure:7100: checking for dsymutil
configure:7116: found /usr/bin/dsymutil
configure:7127: result: dsymutil
configure:7192: checking for nmedit
configure:7208: found /usr/bin/nmedit
configure:7219: result: nmedit
configure:7284: checking for lipo
configure:7300: found /usr/bin/lipo
configure:7311: result: lipo
configure:7376: checking for otool
configure:7392: found /usr/bin/otool
configure:7403: result: otool
configure:7468: checking for otool64
configure:7498: result: no
configure:7543: checking for -single_module linker flag
gcc    -o libconftest.dylib -dynamiclib -Wl,-single_module conftest.c
configure:7576: result: yes
configure:7579: checking for -exported_symbols_list linker flag
configure:7599: gcc -o conftest     -Wl,-exported_symbols_list,conftest.sym conftest.c  >&5
configure:7599: $? = 0
configure:7609: result: yes
configure:7612: checking for -force_load linker flag
gcc   -c -o conftest.o conftest.c
ar cru libconftest.a conftest.o
ranlib libconftest.a
gcc    -o conftest conftest.c -Wl,-force_load,./libconftest.a
configure:7644: result: yes
configure:7682: checking for ANSI C header files
configure:7702: gcc -c    conftest.c >&5
configure:7702: $? = 0
configure:7775: gcc -o conftest     conftest.c  >&5
configure:7775: $? = 0
configure:7775: ./conftest
configure:7775: $? = 0
configure:7786: result: yes
configure:7799: checking for sys/types.h
configure:7799: gcc -c    conftest.c >&5
configure:7799: $? = 0
configure:7799: result: yes
configure:7799: checking for sys/stat.h
configure:7799: gcc -c    conftest.c >&5
configure:7799: $? = 0
configure:7799: result: yes
configure:7799: checking for stdlib.h
configure:7799: gcc -c    conftest.c >&5
configure:7799: $? = 0
configure:7799: result: yes
configure:7799: checking for string.h
configure:7799: gcc -c    conftest.c >&5
configure:7799: $? = 0
configure:7799: result: yes
configure:7799: checking for memory.h
configure:7799: gcc -c    conftest.c >&5
configure:7799: $? = 0
configure:7799: result: yes
configure:7799: checking for strings.h
configure:7799: gcc -c    conftest.c >&5
configure:7799: $? = 0
configure:7799: result: yes
configure:7799: checking for inttypes.h
configure:7799: gcc -c    conftest.c >&5
configure:7799: $? = 0
configure:7799: result: yes
configure:7799: checking for stdint.h
configure:7799: gcc -c    conftest.c >&5
configure:7799: $? = 0
configure:7799: result: yes
configure:7799: checking for unistd.h
configure:7799: gcc -c    conftest.c >&5
configure:7799: $? = 0
configure:7799: result: yes
configure:7813: checking for dlfcn.h
configure:7813: gcc -c    conftest.c >&5
configure:7813: $? = 0
configure:7813: result: yes
configure:8030: checking for objdir
configure:8045: result: .libs
configure:8316: checking if gcc supports -fno-rtti -fno-exceptions
configure:8334: gcc -c    -fno-rtti -fno-exceptions conftest.c >&5
configure:8338: $? = 0
configure:8351: result: yes
configure:8678: checking for gcc option to produce PIC
configure:8685: result: -fno-common -DPIC
configure:8693: checking if gcc PIC flag -fno-common -DPIC works
configure:8711: gcc -c    -fno-common -DPIC -DPIC conftest.c >&5
configure:8715: $? = 0
configure:8728: result: yes
configure:8757: checking if gcc static flag -static works
configure:8785: result: no
configure:8800: checking if gcc supports -c -o file.o
configure:8821: gcc -c    -o out/conftest2.o conftest.c >&5
configure:8825: $? = 0
configure:8847: result: yes
configure:8855: checking if gcc supports -c -o file.o
configure:8902: result: yes
configure:8935: checking whether the gcc linker (/Applications/Xcode.app/Contents/Developer/Toolchains/XcodeDefault.xctoolchain/usr/bin/ld) supports shared libraries
configure:10088: result: yes
configure:10328: checking dynamic linker characteristics
configure:11065: result: darwin13.3.0 dyld
configure:11172: checking how to hardcode library paths into programs
configure:11197: result: immediate
configure:11737: checking whether stripping libraries is possible
configure:11751: result: yes
configure:11777: checking if libtool supports shared libraries
configure:11779: result: yes
configure:11782: checking whether to build shared libraries
configure:11803: result: yes
configure:11806: checking whether to build static libraries
configure:11810: result: yes
configure:11833: checking how to run the C++ preprocessor
configure:11860: g++ -E  conftest.cpp
configure:11860: $? = 0
configure:11874: g++ -E  conftest.cpp
conftest.cpp:23:10: fatal error: 'ac_nonexistent.h' file not found
#include <ac_nonexistent.h>
         ^
1 error generated.
configure:11874: $? = 1
configure: failed program was:
| /* confdefs.h */
| #define PACKAGE_NAME "EMBOSS"
| #define PACKAGE_TARNAME "EMBOSS"
| #define PACKAGE_VERSION "6.6.0"
| #define PACKAGE_STRING "EMBOSS 6.6.0"
| #define PACKAGE_BUGREPORT "emboss-bug@emboss.open-bio.org"
| #define PACKAGE_URL "http://emboss.open-bio.org/"
| #define PACKAGE "EMBOSS"
| #define VERSION "6.6.0"
| #define STDC_HEADERS 1
| #define HAVE_SYS_TYPES_H 1
| #define HAVE_SYS_STAT_H 1
| #define HAVE_STDLIB_H 1
| #define HAVE_STRING_H 1
| #define HAVE_MEMORY_H 1
| #define HAVE_STRINGS_H 1
| #define HAVE_INTTYPES_H 1
| #define HAVE_STDINT_H 1
| #define HAVE_UNISTD_H 1
| #define HAVE_DLFCN_H 1
| #define LT_OBJDIR ".libs/"
| /* end confdefs.h.  */
| #include <ac_nonexistent.h>
configure:11899: result: g++ -E
configure:11919: g++ -E  conftest.cpp
configure:11919: $? = 0
configure:11933: g++ -E  conftest.cpp
conftest.cpp:23:10: fatal error: 'ac_nonexistent.h' file not found
#include <ac_nonexistent.h>
         ^
1 error generated.
configure:11933: $? = 1
configure: failed program was:
| /* confdefs.h */
| #define PACKAGE_NAME "EMBOSS"
| #define PACKAGE_TARNAME "EMBOSS"
| #define PACKAGE_VERSION "6.6.0"
| #define PACKAGE_STRING "EMBOSS 6.6.0"
| #define PACKAGE_BUGREPORT "emboss-bug@emboss.open-bio.org"
| #define PACKAGE_URL "http://emboss.open-bio.org/"
| #define PACKAGE "EMBOSS"
| #define VERSION "6.6.0"
| #define STDC_HEADERS 1
| #define HAVE_SYS_TYPES_H 1
| #define HAVE_SYS_STAT_H 1
| #define HAVE_STDLIB_H 1
| #define HAVE_STRING_H 1
| #define HAVE_MEMORY_H 1
| #define HAVE_STRINGS_H 1
| #define HAVE_INTTYPES_H 1
| #define HAVE_STDINT_H 1
| #define HAVE_UNISTD_H 1
| #define HAVE_DLFCN_H 1
| #define LT_OBJDIR ".libs/"
| /* end confdefs.h.  */
| #include <ac_nonexistent.h>
configure:12102: checking for ld used by g++
configure:12169: result: /Applications/Xcode.app/Contents/Developer/Toolchains/XcodeDefault.xctoolchain/usr/bin/ld
configure:12176: checking if the linker (/Applications/Xcode.app/Contents/Developer/Toolchains/XcodeDefault.xctoolchain/usr/bin/ld) is GNU ld
configure:12191: result: no
configure:12246: checking whether the g++ linker (/Applications/Xcode.app/Contents/Developer/Toolchains/XcodeDefault.xctoolchain/usr/bin/ld) supports shared libraries
configure:13251: result: yes
configure:13287: g++ -c -g -O2  conftest.cpp >&5
configure:13290: $? = 0
configure:13810: checking for g++ option to produce PIC
configure:13817: result: -fno-common -DPIC
configure:13825: checking if g++ PIC flag -fno-common -DPIC works
configure:13843: g++ -c -g -O2  -fno-common -DPIC -DPIC conftest.cpp >&5
configure:13847: $? = 0
configure:13860: result: yes
configure:13883: checking if g++ static flag -static works
configure:13911: result: no
configure:13923: checking if g++ supports -c -o file.o
configure:13944: g++ -c -g -O2  -o out/conftest2.o conftest.cpp >&5
configure:13948: $? = 0
configure:13970: result: yes
configure:13975: checking if g++ supports -c -o file.o
configure:14022: result: yes
configure:14052: checking whether the g++ linker (/Applications/Xcode.app/Contents/Developer/Toolchains/XcodeDefault.xctoolchain/usr/bin/ld) supports shared libraries
configure:14088: result: yes
configure:14229: checking dynamic linker characteristics
configure:14900: result: darwin13.3.0 dyld
configure:14953: checking how to hardcode library paths into programs
configure:14978: result: immediate
configure:15795: checking for X
configure:15903: gcc -E  conftest.c
conftest.c:23:10: fatal error: 'X11/Xlib.h' file not found
#include <X11/Xlib.h>
         ^
1 error generated.
configure:15903: $? = 1
configure: failed program was:
| /* confdefs.h */
| #define PACKAGE_NAME "EMBOSS"
| #define PACKAGE_TARNAME "EMBOSS"
| #define PACKAGE_VERSION "6.6.0"
| #define PACKAGE_STRING "EMBOSS 6.6.0"
| #define PACKAGE_BUGREPORT "emboss-bug@emboss.open-bio.org"
| #define PACKAGE_URL "http://emboss.open-bio.org/"
| #define PACKAGE "EMBOSS"
| #define VERSION "6.6.0"
| #define STDC_HEADERS 1
| #define HAVE_SYS_TYPES_H 1
| #define HAVE_SYS_STAT_H 1
| #define HAVE_STDLIB_H 1
| #define HAVE_STRING_H 1
| #define HAVE_MEMORY_H 1
| #define HAVE_STRINGS_H 1
| #define HAVE_INTTYPES_H 1
| #define HAVE_STDINT_H 1
| #define HAVE_UNISTD_H 1
| #define HAVE_DLFCN_H 1
| #define LT_OBJDIR ".libs/"
| /* end confdefs.h.  */
| #include <X11/Xlib.h>
configure:15934: gcc -o conftest   -O2   conftest.c -lX11  >&5
conftest.c:23:10: fatal error: 'X11/Xlib.h' file not found
#include <X11/Xlib.h>
         ^
1 error generated.
configure:15934: $? = 1
configure: failed program was:
| /* confdefs.h */
| #define PACKAGE_NAME "EMBOSS"
| #define PACKAGE_TARNAME "EMBOSS"
| #define PACKAGE_VERSION "6.6.0"
| #define PACKAGE_STRING "EMBOSS 6.6.0"
| #define PACKAGE_BUGREPORT "emboss-bug@emboss.open-bio.org"
| #define PACKAGE_URL "http://emboss.open-bio.org/"
| #define PACKAGE "EMBOSS"
| #define VERSION "6.6.0"
| #define STDC_HEADERS 1
| #define HAVE_SYS_TYPES_H 1
| #define HAVE_SYS_STAT_H 1
| #define HAVE_STDLIB_H 1
| #define HAVE_STRING_H 1
| #define HAVE_MEMORY_H 1
| #define HAVE_STRINGS_H 1
| #define HAVE_INTTYPES_H 1
| #define HAVE_STDINT_H 1
| #define HAVE_UNISTD_H 1
| #define HAVE_DLFCN_H 1
| #define LT_OBJDIR ".libs/"
| /* end confdefs.h.  */
| #include <X11/Xlib.h>
| int
| main ()
| {
| XrmInitialize ()
|   ;
|   return 0;
| }
configure:15984: result: libraries /usr/X11/lib, headers /usr/X11/include
configure:16004: checking whether -R must be followed by a space
configure:16020: gcc -o conftest   -O2   conftest.c  -R/usr/X11/lib >&5
clang: error: unknown argument: '-R/usr/X11/lib' [-Wunused-command-line-argument-hard-error-in-future]
clang: note: this will be a hard error (cannot be downgraded to a warning) in the future
configure:16020: $? = 1
configure: failed program was:
| /* confdefs.h */
| #define PACKAGE_NAME "EMBOSS"
| #define PACKAGE_TARNAME "EMBOSS"
| #define PACKAGE_VERSION "6.6.0"
| #define PACKAGE_STRING "EMBOSS 6.6.0"
| #define PACKAGE_BUGREPORT "emboss-bug@emboss.open-bio.org"
| #define PACKAGE_URL "http://emboss.open-bio.org/"
| #define PACKAGE "EMBOSS"
| #define VERSION "6.6.0"
| #define STDC_HEADERS 1
| #define HAVE_SYS_TYPES_H 1
| #define HAVE_SYS_STAT_H 1
| #define HAVE_STDLIB_H 1
| #define HAVE_STRING_H 1
| #define HAVE_MEMORY_H 1
| #define HAVE_STRINGS_H 1
| #define HAVE_INTTYPES_H 1
| #define HAVE_STDINT_H 1
| #define HAVE_UNISTD_H 1
| #define HAVE_DLFCN_H 1
| #define LT_OBJDIR ".libs/"
| /* end confdefs.h.  */
| 
| int
| main ()
| {
| 
|   ;
|   return 0;
| }
configure:16037: gcc -o conftest   -O2   conftest.c  -R /usr/X11/lib >&5
clang: warning: argument unused during compilation: '-R'
ld: can't map file, errno=22 file '/usr/X11/lib' for architecture x86_64
clang: error: linker command failed with exit code 1 (use -v to see invocation)
configure:16037: $? = 1
configure: failed program was:
| /* confdefs.h */
| #define PACKAGE_NAME "EMBOSS"
| #define PACKAGE_TARNAME "EMBOSS"
| #define PACKAGE_VERSION "6.6.0"
| #define PACKAGE_STRING "EMBOSS 6.6.0"
| #define PACKAGE_BUGREPORT "emboss-bug@emboss.open-bio.org"
| #define PACKAGE_URL "http://emboss.open-bio.org/"
| #define PACKAGE "EMBOSS"
| #define VERSION "6.6.0"
| #define STDC_HEADERS 1
| #define HAVE_SYS_TYPES_H 1
| #define HAVE_SYS_STAT_H 1
| #define HAVE_STDLIB_H 1
| #define HAVE_STRING_H 1
| #define HAVE_MEMORY_H 1
| #define HAVE_STRINGS_H 1
| #define HAVE_INTTYPES_H 1
| #define HAVE_STDINT_H 1
| #define HAVE_UNISTD_H 1
| #define HAVE_DLFCN_H 1
| #define LT_OBJDIR ".libs/"
| /* end confdefs.h.  */
| 
| int
| main ()
| {
| 
|   ;
|   return 0;
| }
configure:16042: result: neither works
configure:16083: gcc -o conftest   -O2   conftest.c   -L/usr/X11/lib -lX11 >&5
configure:16083: $? = 0
configure:16181: checking for gethostbyname
configure:16181: gcc -o conftest   -O2   conftest.c  >&5
configure:16181: $? = 0
configure:16181: result: yes
configure:16278: checking for connect
configure:16278: gcc -o conftest   -O2   conftest.c  >&5
configure:16278: $? = 0
configure:16278: result: yes
configure:16327: checking for remove
configure:16327: gcc -o conftest   -O2   conftest.c  >&5
configure:16327: $? = 0
configure:16327: result: yes
configure:16376: checking for shmat
configure:16376: gcc -o conftest   -O2   conftest.c  >&5
configure:16376: $? = 0
configure:16376: result: yes
configure:16434: checking for IceConnectionNumber in -lICE
configure:16459: gcc -o conftest   -O2   -L/usr/X11/lib conftest.c -lICE   >&5
configure:16459: $? = 0
configure:16468: result: yes
configure:16481: checking for dirent.h that defines DIR
configure:16500: gcc -c   -O2  conftest.c >&5
configure:16500: $? = 0
configure:16508: result: yes
configure:16521: checking for library containing opendir
configure:16552: gcc -o conftest   -O2   conftest.c  >&5
configure:16552: $? = 0
configure:16569: result: none required
configure:16636: checking for ANSI C header files
configure:16740: result: yes
configure:16752: checking for unistd.h
configure:16752: result: yes
configure:16752: checking TargetConfig.h usability
configure:16752: gcc -c   -O2  conftest.c >&5
conftest.c:59:10: fatal error: 'TargetConfig.h' file not found
#include <TargetConfig.h>
         ^
1 error generated.
configure:16752: $? = 1
configure: failed program was:
| /* confdefs.h */
| #define PACKAGE_NAME "EMBOSS"
| #define PACKAGE_TARNAME "EMBOSS"
| #define PACKAGE_VERSION "6.6.0"
| #define PACKAGE_STRING "EMBOSS 6.6.0"
| #define PACKAGE_BUGREPORT "emboss-bug@emboss.open-bio.org"
| #define PACKAGE_URL "http://emboss.open-bio.org/"
| #define PACKAGE "EMBOSS"
| #define VERSION "6.6.0"
| #define STDC_HEADERS 1
| #define HAVE_SYS_TYPES_H 1
| #define HAVE_SYS_STAT_H 1
| #define HAVE_STDLIB_H 1
| #define HAVE_STRING_H 1
| #define HAVE_MEMORY_H 1
| #define HAVE_STRINGS_H 1
| #define HAVE_INTTYPES_H 1
| #define HAVE_STDINT_H 1
| #define HAVE_UNISTD_H 1
| #define HAVE_DLFCN_H 1
| #define LT_OBJDIR ".libs/"
| #define HAVE_DIRENT_H 1
| #define STDC_HEADERS 1
| #define HAVE_UNISTD_H 1
| /* end confdefs.h.  */
| #include <stdio.h>
| #ifdef HAVE_SYS_TYPES_H
| # include <sys/types.h>
| #endif
| #ifdef HAVE_SYS_STAT_H
| # include <sys/stat.h>
| #endif
| #ifdef STDC_HEADERS
| # include <stdlib.h>
| # include <stddef.h>
| #else
| # ifdef HAVE_STDLIB_H
| #  include <stdlib.h>
| # endif
| #endif
| #ifdef HAVE_STRING_H
| # if !defined STDC_HEADERS && defined HAVE_MEMORY_H
| #  include <memory.h>
| # endif
| # include <string.h>
| #endif
| #ifdef HAVE_STRINGS_H
| # include <strings.h>
| #endif
| #ifdef HAVE_INTTYPES_H
| # include <inttypes.h>
| #endif
| #ifdef HAVE_STDINT_H
| # include <stdint.h>
| #endif
| #ifdef HAVE_UNISTD_H
| # include <unistd.h>
| #endif
| #include <TargetConfig.h>
configure:16752: result: no
configure:16752: checking TargetConfig.h presence
configure:16752: gcc -E  conftest.c
conftest.c:26:10: fatal error: 'TargetConfig.h' file not found
#include <TargetConfig.h>
         ^
1 error generated.
configure:16752: $? = 1
configure: failed program was:
| /* confdefs.h */
| #define PACKAGE_NAME "EMBOSS"
| #define PACKAGE_TARNAME "EMBOSS"
| #define PACKAGE_VERSION "6.6.0"
| #define PACKAGE_STRING "EMBOSS 6.6.0"
| #define PACKAGE_BUGREPORT "emboss-bug@emboss.open-bio.org"
| #define PACKAGE_URL "http://emboss.open-bio.org/"
| #define PACKAGE "EMBOSS"
| #define VERSION "6.6.0"
| #define STDC_HEADERS 1
| #define HAVE_SYS_TYPES_H 1
| #define HAVE_SYS_STAT_H 1
| #define HAVE_STDLIB_H 1
| #define HAVE_STRING_H 1
| #define HAVE_MEMORY_H 1
| #define HAVE_STRINGS_H 1
| #define HAVE_INTTYPES_H 1
| #define HAVE_STDINT_H 1
| #define HAVE_UNISTD_H 1
| #define HAVE_DLFCN_H 1
| #define LT_OBJDIR ".libs/"
| #define HAVE_DIRENT_H 1
| #define STDC_HEADERS 1
| #define HAVE_UNISTD_H 1
| /* end confdefs.h.  */
| #include <TargetConfig.h>
configure:16752: result: no
configure:16752: checking for TargetConfig.h
configure:16752: result: no
configure:16765: checking whether byte ordering is bigendian
configure:16780: gcc -c   -O2  conftest.c >&5
configure:16780: $? = 0
configure:16825: gcc -c   -O2  conftest.c >&5
configure:16825: $? = 0
configure:16843: gcc -c   -O2  conftest.c >&5
conftest.c:33:4: error: use of undeclared identifier 'not'
                 not big endian
                 ^
1 error generated.
configure:16843: $? = 1
configure: failed program was:
| /* confdefs.h */
| #define PACKAGE_NAME "EMBOSS"
| #define PACKAGE_TARNAME "EMBOSS"
| #define PACKAGE_VERSION "6.6.0"
| #define PACKAGE_STRING "EMBOSS 6.6.0"
| #define PACKAGE_BUGREPORT "emboss-bug@emboss.open-bio.org"
| #define PACKAGE_URL "http://emboss.open-bio.org/"
| #define PACKAGE "EMBOSS"
| #define VERSION "6.6.0"
| #define STDC_HEADERS 1
| #define HAVE_SYS_TYPES_H 1
| #define HAVE_SYS_STAT_H 1
| #define HAVE_STDLIB_H 1
| #define HAVE_STRING_H 1
| #define HAVE_MEMORY_H 1
| #define HAVE_STRINGS_H 1
| #define HAVE_INTTYPES_H 1
| #define HAVE_STDINT_H 1
| #define HAVE_UNISTD_H 1
| #define HAVE_DLFCN_H 1
| #define LT_OBJDIR ".libs/"
| #define HAVE_DIRENT_H 1
| #define STDC_HEADERS 1
| #define HAVE_UNISTD_H 1
| /* end confdefs.h.  */
| #include <sys/types.h>
| 		#include <sys/param.h>
| 
| int
| main ()
| {
| #if BYTE_ORDER != BIG_ENDIAN
| 		 not big endian
| 		#endif
| 
|   ;
|   return 0;
| }
configure:16971: result: no
configure:16989: checking for an ANSI C-conforming const
configure:17055: gcc -c   -O2  conftest.c >&5
configure:17055: $? = 0
configure:17062: result: yes
configure:17070: checking for inline
configure:17086: gcc -c   -O2  conftest.c >&5
configure:17086: $? = 0
configure:17094: result: inline
configure:17112: checking for pid_t
configure:17112: gcc -c   -O2  conftest.c >&5
configure:17112: $? = 0
configure:17112: gcc -c   -O2  conftest.c >&5
conftest.c:62:20: error: expected expression
if (sizeof ((pid_t)))
                   ^
1 error generated.
configure:17112: $? = 1
configure: failed program was:
| /* confdefs.h */
| #define PACKAGE_NAME "EMBOSS"
| #define PACKAGE_TARNAME "EMBOSS"
| #define PACKAGE_VERSION "6.6.0"
| #define PACKAGE_STRING "EMBOSS 6.6.0"
| #define PACKAGE_BUGREPORT "emboss-bug@emboss.open-bio.org"
| #define PACKAGE_URL "http://emboss.open-bio.org/"
| #define PACKAGE "EMBOSS"
| #define VERSION "6.6.0"
| #define STDC_HEADERS 1
| #define HAVE_SYS_TYPES_H 1
| #define HAVE_SYS_STAT_H 1
| #define HAVE_STDLIB_H 1
| #define HAVE_STRING_H 1
| #define HAVE_MEMORY_H 1
| #define HAVE_STRINGS_H 1
| #define HAVE_INTTYPES_H 1
| #define HAVE_STDINT_H 1
| #define HAVE_UNISTD_H 1
| #define HAVE_DLFCN_H 1
| #define LT_OBJDIR ".libs/"
| #define HAVE_DIRENT_H 1
| #define STDC_HEADERS 1
| #define HAVE_UNISTD_H 1
| /* end confdefs.h.  */
| #include <stdio.h>
| #ifdef HAVE_SYS_TYPES_H
| # include <sys/types.h>
| #endif
| #ifdef HAVE_SYS_STAT_H
| # include <sys/stat.h>
| #endif
| #ifdef STDC_HEADERS
| # include <stdlib.h>
| # include <stddef.h>
| #else
| # ifdef HAVE_STDLIB_H
| #  include <stdlib.h>
| # endif
| #endif
| #ifdef HAVE_STRING_H
| # if !defined STDC_HEADERS && defined HAVE_MEMORY_H
| #  include <memory.h>
| # endif
| # include <string.h>
| #endif
| #ifdef HAVE_STRINGS_H
| # include <strings.h>
| #endif
| #ifdef HAVE_INTTYPES_H
| # include <inttypes.h>
| #endif
| #ifdef HAVE_STDINT_H
| # include <stdint.h>
| #endif
| #ifdef HAVE_UNISTD_H
| # include <unistd.h>
| #endif
| int
| main ()
| {
| if (sizeof ((pid_t)))
| 	    return 0;
|   ;
|   return 0;
| }
configure:17112: result: yes
configure:17123: checking for size_t
configure:17123: gcc -c   -O2  conftest.c >&5
configure:17123: $? = 0
configure:17123: gcc -c   -O2  conftest.c >&5
conftest.c:62:21: error: expected expression
if (sizeof ((size_t)))
                    ^
1 error generated.
configure:17123: $? = 1
configure: failed program was:
| /* confdefs.h */
| #define PACKAGE_NAME "EMBOSS"
| #define PACKAGE_TARNAME "EMBOSS"
| #define PACKAGE_VERSION "6.6.0"
| #define PACKAGE_STRING "EMBOSS 6.6.0"
| #define PACKAGE_BUGREPORT "emboss-bug@emboss.open-bio.org"
| #define PACKAGE_URL "http://emboss.open-bio.org/"
| #define PACKAGE "EMBOSS"
| #define VERSION "6.6.0"
| #define STDC_HEADERS 1
| #define HAVE_SYS_TYPES_H 1
| #define HAVE_SYS_STAT_H 1
| #define HAVE_STDLIB_H 1
| #define HAVE_STRING_H 1
| #define HAVE_MEMORY_H 1
| #define HAVE_STRINGS_H 1
| #define HAVE_INTTYPES_H 1
| #define HAVE_STDINT_H 1
| #define HAVE_UNISTD_H 1
| #define HAVE_DLFCN_H 1
| #define LT_OBJDIR ".libs/"
| #define HAVE_DIRENT_H 1
| #define STDC_HEADERS 1
| #define HAVE_UNISTD_H 1
| /* end confdefs.h.  */
| #include <stdio.h>
| #ifdef HAVE_SYS_TYPES_H
| # include <sys/types.h>
| #endif
| #ifdef HAVE_SYS_STAT_H
| # include <sys/stat.h>
| #endif
| #ifdef STDC_HEADERS
| # include <stdlib.h>
| # include <stddef.h>
| #else
| # ifdef HAVE_STDLIB_H
| #  include <stdlib.h>
| # endif
| #endif
| #ifdef HAVE_STRING_H
| # if !defined STDC_HEADERS && defined HAVE_MEMORY_H
| #  include <memory.h>
| # endif
| # include <string.h>
| #endif
| #ifdef HAVE_STRINGS_H
| # include <strings.h>
| #endif
| #ifdef HAVE_INTTYPES_H
| # include <inttypes.h>
| #endif
| #ifdef HAVE_STDINT_H
| # include <stdint.h>
| #endif
| #ifdef HAVE_UNISTD_H
| # include <unistd.h>
| #endif
| int
| main ()
| {
| if (sizeof ((size_t)))
| 	    return 0;
|   ;
|   return 0;
| }
configure:17123: result: yes
configure:17134: checking whether struct tm is in sys/time.h or time.h
configure:17154: gcc -c   -O2  conftest.c >&5
configure:17154: $? = 0
configure:17161: result: time.h
configure:17172: checking whether getpgrp requires zero arguments
configure:17189: gcc -c   -O2  conftest.c >&5
conftest.c:62:10: error: too many arguments to function call, expected 0, have 1
getpgrp (0);
~~~~~~~  ^
/Applications/Xcode.app/Contents/Developer/Platforms/MacOSX.platform/Developer/SDKs/MacOSX10.9.sdk/usr/include/unistd.h:453:1: note: 'getpgrp' declared here
pid_t    getpgrp(void);
^
1 error generated.
configure:17189: $? = 1
configure: failed program was:
| /* confdefs.h */
| #define PACKAGE_NAME "EMBOSS"
| #define PACKAGE_TARNAME "EMBOSS"
| #define PACKAGE_VERSION "6.6.0"
| #define PACKAGE_STRING "EMBOSS 6.6.0"
| #define PACKAGE_BUGREPORT "emboss-bug@emboss.open-bio.org"
| #define PACKAGE_URL "http://emboss.open-bio.org/"
| #define PACKAGE "EMBOSS"
| #define VERSION "6.6.0"
| #define STDC_HEADERS 1
| #define HAVE_SYS_TYPES_H 1
| #define HAVE_SYS_STAT_H 1
| #define HAVE_STDLIB_H 1
| #define HAVE_STRING_H 1
| #define HAVE_MEMORY_H 1
| #define HAVE_STRINGS_H 1
| #define HAVE_INTTYPES_H 1
| #define HAVE_STDINT_H 1
| #define HAVE_UNISTD_H 1
| #define HAVE_DLFCN_H 1
| #define LT_OBJDIR ".libs/"
| #define HAVE_DIRENT_H 1
| #define STDC_HEADERS 1
| #define HAVE_UNISTD_H 1
| /* end confdefs.h.  */
| #include <stdio.h>
| #ifdef HAVE_SYS_TYPES_H
| # include <sys/types.h>
| #endif
| #ifdef HAVE_SYS_STAT_H
| # include <sys/stat.h>
| #endif
| #ifdef STDC_HEADERS
| # include <stdlib.h>
| # include <stddef.h>
| #else
| # ifdef HAVE_STDLIB_H
| #  include <stdlib.h>
| # endif
| #endif
| #ifdef HAVE_STRING_H
| # if !defined STDC_HEADERS && defined HAVE_MEMORY_H
| #  include <memory.h>
| # endif
| # include <string.h>
| #endif
| #ifdef HAVE_STRINGS_H
| # include <strings.h>
| #endif
| #ifdef HAVE_INTTYPES_H
| # include <inttypes.h>
| #endif
| #ifdef HAVE_STDINT_H
| # include <stdint.h>
| #endif
| #ifdef HAVE_UNISTD_H
| # include <unistd.h>
| #endif
| int
| main ()
| {
| getpgrp (0);
|   ;
|   return 0;
| }
configure:17197: result: yes
configure:17207: checking for strftime
configure:17207: gcc -o conftest   -O2   conftest.c  >&5
configure:17207: $? = 0
configure:17207: result: yes
configure:17262: checking vfork.h usability
configure:17262: gcc -c   -O2  conftest.c >&5
conftest.c:61:10: fatal error: 'vfork.h' file not found
#include <vfork.h>
         ^
1 error generated.
configure:17262: $? = 1
configure: failed program was:
| /* confdefs.h */
| #define PACKAGE_NAME "EMBOSS"
| #define PACKAGE_TARNAME "EMBOSS"
| #define PACKAGE_VERSION "6.6.0"
| #define PACKAGE_STRING "EMBOSS 6.6.0"
| #define PACKAGE_BUGREPORT "emboss-bug@emboss.open-bio.org"
| #define PACKAGE_URL "http://emboss.open-bio.org/"
| #define PACKAGE "EMBOSS"
| #define VERSION "6.6.0"
| #define STDC_HEADERS 1
| #define HAVE_SYS_TYPES_H 1
| #define HAVE_SYS_STAT_H 1
| #define HAVE_STDLIB_H 1
| #define HAVE_STRING_H 1
| #define HAVE_MEMORY_H 1
| #define HAVE_STRINGS_H 1
| #define HAVE_INTTYPES_H 1
| #define HAVE_STDINT_H 1
| #define HAVE_UNISTD_H 1
| #define HAVE_DLFCN_H 1
| #define LT_OBJDIR ".libs/"
| #define HAVE_DIRENT_H 1
| #define STDC_HEADERS 1
| #define HAVE_UNISTD_H 1
| #define GETPGRP_VOID 1
| #define HAVE_STRFTIME 1
| /* end confdefs.h.  */
| #include <stdio.h>
| #ifdef HAVE_SYS_TYPES_H
| # include <sys/types.h>
| #endif
| #ifdef HAVE_SYS_STAT_H
| # include <sys/stat.h>
| #endif
| #ifdef STDC_HEADERS
| # include <stdlib.h>
| # include <stddef.h>
| #else
| # ifdef HAVE_STDLIB_H
| #  include <stdlib.h>
| # endif
| #endif
| #ifdef HAVE_STRING_H
| # if !defined STDC_HEADERS && defined HAVE_MEMORY_H
| #  include <memory.h>
| # endif
| # include <string.h>
| #endif
| #ifdef HAVE_STRINGS_H
| # include <strings.h>
| #endif
| #ifdef HAVE_INTTYPES_H
| # include <inttypes.h>
| #endif
| #ifdef HAVE_STDINT_H
| # include <stdint.h>
| #endif
| #ifdef HAVE_UNISTD_H
| # include <unistd.h>
| #endif
| #include <vfork.h>
configure:17262: result: no
configure:17262: checking vfork.h presence
configure:17262: gcc -E  conftest.c
conftest.c:28:10: fatal error: 'vfork.h' file not found
#include <vfork.h>
         ^
1 error generated.
configure:17262: $? = 1
configure: failed program was:
| /* confdefs.h */
| #define PACKAGE_NAME "EMBOSS"
| #define PACKAGE_TARNAME "EMBOSS"
| #define PACKAGE_VERSION "6.6.0"
| #define PACKAGE_STRING "EMBOSS 6.6.0"
| #define PACKAGE_BUGREPORT "emboss-bug@emboss.open-bio.org"
| #define PACKAGE_URL "http://emboss.open-bio.org/"
| #define PACKAGE "EMBOSS"
| #define VERSION "6.6.0"
| #define STDC_HEADERS 1
| #define HAVE_SYS_TYPES_H 1
| #define HAVE_SYS_STAT_H 1
| #define HAVE_STDLIB_H 1
| #define HAVE_STRING_H 1
| #define HAVE_MEMORY_H 1
| #define HAVE_STRINGS_H 1
| #define HAVE_INTTYPES_H 1
| #define HAVE_STDINT_H 1
| #define HAVE_UNISTD_H 1
| #define HAVE_DLFCN_H 1
| #define LT_OBJDIR ".libs/"
| #define HAVE_DIRENT_H 1
| #define STDC_HEADERS 1
| #define HAVE_UNISTD_H 1
| #define GETPGRP_VOID 1
| #define HAVE_STRFTIME 1
| /* end confdefs.h.  */
| #include <vfork.h>
configure:17262: result: no
configure:17262: checking for vfork.h
configure:17262: result: no
configure:17275: checking for fork
configure:17275: gcc -o conftest   -O2   conftest.c  >&5
configure:17275: $? = 0
configure:17275: result: yes
configure:17275: checking for vfork
configure:17275: gcc -o conftest   -O2   conftest.c  >&5
conftest.c:52:6: warning: incompatible redeclaration of library function 'vfork' [-Wincompatible-library-redeclaration]
char vfork ();
     ^
conftest.c:52:6: note: 'vfork' is a builtin with type 'int (void)'
1 warning generated.
configure:17275: $? = 0
configure:17275: result: yes
configure:17285: checking for working fork
configure:17307: gcc -o conftest   -O2   conftest.c  >&5
configure:17307: $? = 0
configure:17307: ./conftest
configure:17307: $? = 0
configure:17317: result: yes
configure:17338: checking for working vfork
configure:17448: result: yes
configure:17475: checking for vprintf
configure:17475: gcc -o conftest   -O2   conftest.c  >&5
conftest.c:55:6: warning: incompatible redeclaration of library function 'vprintf' [-Wincompatible-library-redeclaration]
char vprintf ();
     ^
conftest.c:55:6: note: 'vprintf' is a builtin with type 'int (const char *, __va_list_tag *)'
1 warning generated.
configure:17475: $? = 0
configure:17475: result: yes
configure:17481: checking for _doprnt
configure:17481: gcc -o conftest   -O2   conftest.c  >&5
Undefined symbols for architecture x86_64:
  "__doprnt", referenced from:
      _main in conftest-6632c3.o
ld: symbol(s) not found for architecture x86_64
clang: error: linker command failed with exit code 1 (use -v to see invocation)
configure:17481: $? = 1
configure: failed program was:
| /* confdefs.h */
| #define PACKAGE_NAME "EMBOSS"
| #define PACKAGE_TARNAME "EMBOSS"
| #define PACKAGE_VERSION "6.6.0"
| #define PACKAGE_STRING "EMBOSS 6.6.0"
| #define PACKAGE_BUGREPORT "emboss-bug@emboss.open-bio.org"
| #define PACKAGE_URL "http://emboss.open-bio.org/"
| #define PACKAGE "EMBOSS"
| #define VERSION "6.6.0"
| #define STDC_HEADERS 1
| #define HAVE_SYS_TYPES_H 1
| #define HAVE_SYS_STAT_H 1
| #define HAVE_STDLIB_H 1
| #define HAVE_STRING_H 1
| #define HAVE_MEMORY_H 1
| #define HAVE_STRINGS_H 1
| #define HAVE_INTTYPES_H 1
| #define HAVE_STDINT_H 1
| #define HAVE_UNISTD_H 1
| #define HAVE_DLFCN_H 1
| #define LT_OBJDIR ".libs/"
| #define HAVE_DIRENT_H 1
| #define STDC_HEADERS 1
| #define HAVE_UNISTD_H 1
| #define GETPGRP_VOID 1
| #define HAVE_STRFTIME 1
| #define HAVE_FORK 1
| #define HAVE_VFORK 1
| #define HAVE_WORKING_VFORK 1
| #define HAVE_WORKING_FORK 1
| #define HAVE_VPRINTF 1
| /* end confdefs.h.  */
| /* Define _doprnt to an innocuous variant, in case <limits.h> declares _doprnt.
|    For example, HP-UX 11i <limits.h> declares gettimeofday.  */
| #define _doprnt innocuous__doprnt
| 
| /* System header to define __stub macros and hopefully few prototypes,
|     which can conflict with char _doprnt (); below.
|     Prefer <limits.h> to <assert.h> if __STDC__ is defined, since
|     <limits.h> exists even on freestanding compilers.  */
| 
| #ifdef __STDC__
| # include <limits.h>
| #else
| # include <assert.h>
| #endif
| 
| #undef _doprnt
| 
| /* Override any GCC internal prototype to avoid an error.
|    Use char because int might match the return type of a GCC
|    builtin and then its argument prototype would still apply.  */
| #ifdef __cplusplus
| extern "C"
| #endif
| char _doprnt ();
| /* The GNU C library defines this for functions which it implements
|     to always fail with ENOSYS.  Some functions are actually named
|     something starting with __ and the normal name is an alias.  */
| #if defined __stub__doprnt || defined __stub____doprnt
| choke me
| #endif
| 
| int
| main ()
| {
| return _doprnt ();
|   ;
|   return 0;
| }
configure:17481: result: no
configure:17495: checking for memmove
configure:17495: gcc -o conftest   -O2   conftest.c  >&5
conftest.c:56:6: warning: incompatible redeclaration of library function 'memmove' [-Wincompatible-library-redeclaration]
char memmove ();
     ^
conftest.c:56:6: note: 'memmove' is a builtin with type 'void *(void *, const void *, unsigned long)'
1 warning generated.
configure:17495: $? = 0
configure:17495: result: yes
configure:17520: checking X11/Xlib.h usability
configure:17520: gcc -c   -O2  -I/usr/X11/include  conftest.c >&5
configure:17520: $? = 0
configure:17520: result: yes
configure:17520: checking X11/Xlib.h presence
configure:17520: gcc -E  conftest.c
conftest.c:34:10: fatal error: 'X11/Xlib.h' file not found
#include <X11/Xlib.h>
         ^
1 error generated.
configure:17520: $? = 1
configure: failed program was:
| /* confdefs.h */
| #define PACKAGE_NAME "EMBOSS"
| #define PACKAGE_TARNAME "EMBOSS"
| #define PACKAGE_VERSION "6.6.0"
| #define PACKAGE_STRING "EMBOSS 6.6.0"
| #define PACKAGE_BUGREPORT "emboss-bug@emboss.open-bio.org"
| #define PACKAGE_URL "http://emboss.open-bio.org/"
| #define PACKAGE "EMBOSS"
| #define VERSION "6.6.0"
| #define STDC_HEADERS 1
| #define HAVE_SYS_TYPES_H 1
| #define HAVE_SYS_STAT_H 1
| #define HAVE_STDLIB_H 1
| #define HAVE_STRING_H 1
| #define HAVE_MEMORY_H 1
| #define HAVE_STRINGS_H 1
| #define HAVE_INTTYPES_H 1
| #define HAVE_STDINT_H 1
| #define HAVE_UNISTD_H 1
| #define HAVE_DLFCN_H 1
| #define LT_OBJDIR ".libs/"
| #define HAVE_DIRENT_H 1
| #define STDC_HEADERS 1
| #define HAVE_UNISTD_H 1
| #define GETPGRP_VOID 1
| #define HAVE_STRFTIME 1
| #define HAVE_FORK 1
| #define HAVE_VFORK 1
| #define HAVE_WORKING_VFORK 1
| #define HAVE_WORKING_FORK 1
| #define HAVE_VPRINTF 1
| #define HAVE_MEMMOVE 1
| /* end confdefs.h.  */
| #include <X11/Xlib.h>
configure:17520: result: no
configure:17520: WARNING: X11/Xlib.h: accepted by the compiler, rejected by the preprocessor!
configure:17520: WARNING: X11/Xlib.h: proceeding with the compiler's result
configure:17520: checking for X11/Xlib.h
configure:17520: result: yes
configure:17558: checking for socket in -lc
configure:17583: gcc -o conftest   -O2  -I/usr/X11/include   conftest.c -lc   >&5
configure:17583: $? = 0
configure:17592: result: yes
configure:17600: checking for main in -lm
configure:17619: gcc -o conftest   -O2  -I/usr/X11/include   conftest.c -lm   >&5
configure:17619: $? = 0
configure:17628: result: yes
configure:17712: checking if docroot is given
configure:17724: result: no
configure:17733: checking if gcc profiling is selected
configure:17746: result: no
configure:17755: checking if gcov coverage is selected
configure:17767: result: no
configure:17776: checking for EMBOSS pre-indexed databases
configure:17781: result: yes
configure:17802: checking for Java JNI
configure:17817: result: no
configure:17838: checking for Java JNI OS
configure:17864: result: no
configure:17872: checking for authorisation type
configure:18055: result: no
configure:18068: checking for threading type
configure:18146: result: no
configure:18375: checking whether to look for pdf support
configure:18390: result: yes
configure:18419: checking for HPDF_New in -lhpdf
configure:18444: gcc -o conftest   -O2  -I/usr/X11/include  -I/usr/include  -L/usr/lib conftest.c -lhpdf -L/usr/lib -lm  >&5
ld: library not found for -lhpdf
clang: error: linker command failed with exit code 1 (use -v to see invocation)
configure:18444: $? = 1
configure: failed program was:
| /* confdefs.h */
| #define PACKAGE_NAME "EMBOSS"
| #define PACKAGE_TARNAME "EMBOSS"
| #define PACKAGE_VERSION "6.6.0"
| #define PACKAGE_STRING "EMBOSS 6.6.0"
| #define PACKAGE_BUGREPORT "emboss-bug@emboss.open-bio.org"
| #define PACKAGE_URL "http://emboss.open-bio.org/"
| #define PACKAGE "EMBOSS"
| #define VERSION "6.6.0"
| #define STDC_HEADERS 1
| #define HAVE_SYS_TYPES_H 1
| #define HAVE_SYS_STAT_H 1
| #define HAVE_STDLIB_H 1
| #define HAVE_STRING_H 1
| #define HAVE_MEMORY_H 1
| #define HAVE_STRINGS_H 1
| #define HAVE_INTTYPES_H 1
| #define HAVE_STDINT_H 1
| #define HAVE_UNISTD_H 1
| #define HAVE_DLFCN_H 1
| #define LT_OBJDIR ".libs/"
| #define HAVE_DIRENT_H 1
| #define STDC_HEADERS 1
| #define HAVE_UNISTD_H 1
| #define GETPGRP_VOID 1
| #define HAVE_STRFTIME 1
| #define HAVE_FORK 1
| #define HAVE_VFORK 1
| #define HAVE_WORKING_VFORK 1
| #define HAVE_WORKING_FORK 1
| #define HAVE_VPRINTF 1
| #define HAVE_MEMMOVE 1
| #define PLD_xwin 1
| #define HAVE_LIBM 1
| /* end confdefs.h.  */
| 
| /* Override any GCC internal prototype to avoid an error.
|    Use char because int might match the return type of a GCC
|    builtin and then its argument prototype would still apply.  */
| #ifdef __cplusplus
| extern "C"
| #endif
| char HPDF_New ();
| int
| main ()
| {
| return HPDF_New ();
|   ;
|   return 0;
| }
configure:18453: result: no
configure:18567: checking for pkg-config
configure:18600: result: no
configure:18634: checking whether to look for axis2c support
configure:18809: result: no
configure:18823: checking if png driver is wanted
configure:18838: result: yes
configure:18923: checking for inflateEnd in -lz
configure:18948: gcc -o conftest   -O2  -I/usr/X11/include  -I/usr/include  -L/usr/lib conftest.c -lz -L/usr/lib -lz -lm  >&5
configure:18948: $? = 0
configure:18957: result: yes
configure:18971: checking for png_destroy_read_struct in -lpng
configure:18996: gcc -o conftest   -O2  -I/usr/X11/include  -I/usr/include  -L/usr/lib conftest.c -lpng -L/usr/lib -lz -lm  >&5
ld: library not found for -lpng
clang: error: linker command failed with exit code 1 (use -v to see invocation)
configure:18996: $? = 1
configure: failed program was:
| /* confdefs.h */
| #define PACKAGE_NAME "EMBOSS"
| #define PACKAGE_TARNAME "EMBOSS"
| #define PACKAGE_VERSION "6.6.0"
| #define PACKAGE_STRING "EMBOSS 6.6.0"
| #define PACKAGE_BUGREPORT "emboss-bug@emboss.open-bio.org"
| #define PACKAGE_URL "http://emboss.open-bio.org/"
| #define PACKAGE "EMBOSS"
| #define VERSION "6.6.0"
| #define STDC_HEADERS 1
| #define HAVE_SYS_TYPES_H 1
| #define HAVE_SYS_STAT_H 1
| #define HAVE_STDLIB_H 1
| #define HAVE_STRING_H 1
| #define HAVE_MEMORY_H 1
| #define HAVE_STRINGS_H 1
| #define HAVE_INTTYPES_H 1
| #define HAVE_STDINT_H 1
| #define HAVE_UNISTD_H 1
| #define HAVE_DLFCN_H 1
| #define LT_OBJDIR ".libs/"
| #define HAVE_DIRENT_H 1
| #define STDC_HEADERS 1
| #define HAVE_UNISTD_H 1
| #define GETPGRP_VOID 1
| #define HAVE_STRFTIME 1
| #define HAVE_FORK 1
| #define HAVE_VFORK 1
| #define HAVE_WORKING_VFORK 1
| #define HAVE_WORKING_FORK 1
| #define HAVE_VPRINTF 1
| #define HAVE_MEMMOVE 1
| #define PLD_xwin 1
| #define HAVE_LIBM 1
| /* end confdefs.h.  */
| 
| /* Override any GCC internal prototype to avoid an error.
|    Use char because int might match the return type of a GCC
|    builtin and then its argument prototype would still apply.  */
| #ifdef __cplusplus
| extern "C"
| #endif
| char png_destroy_read_struct ();
| int
| main ()
| {
| return png_destroy_read_struct ();
|   ;
|   return 0;
| }
configure:19005: result: no
configure:19164: checking for mysql_config
configure:19195: result: no
configure:19358: checking for pg_config
configure:19389: result: no
configure:19574: checking for large file support
configure:19630: result: yes
configure:19667: checking for purify
configure:19679: result: no
configure:19722: checking for cygwin
configure:19732: result: no
configure:19857: checking for savestats
configure:19870: result: no
configure:19990: checking that generated files are newer than configure
configure:19996: result: done
configure:20080: creating ./config.status

## ---------------------- ##
## Running config.status. ##
## ---------------------- ##

This file was extended by EMBOSS config.status 6.6.0, which was
generated by GNU Autoconf 2.69.  Invocation command line was

  CONFIG_FILES    = 
  CONFIG_HEADERS  = 
  CONFIG_LINKS    = 
  CONFIG_COMMANDS = 
  $ ./config.status 

on Daniel-Jorge.local

config.status:1265: creating Makefile
config.status:1265: creating ajax/Makefile
config.status:1265: creating ajax/acd/Makefile
config.status:1265: creating ajax/ajaxdb/Makefile
config.status:1265: creating ajax/core/Makefile
config.status:1265: creating ajax/ensembl/Makefile
config.status:1265: creating ajax/expat/Makefile
config.status:1265: creating ajax/graphics/Makefile
config.status:1265: creating ajax/pcre/Makefile
config.status:1265: creating ajax/zlib/Makefile
config.status:1265: creating doc/Makefile
config.status:1265: creating doc/manuals/Makefile
config.status:1265: creating doc/programs/Makefile
config.status:1265: creating doc/programs/html/Makefile
config.status:1265: creating doc/programs/text/Makefile
config.status:1265: creating doc/tutorials/Makefile
config.status:1265: creating emboss/Makefile
config.status:1265: creating emboss/acd/Makefile
config.status:1265: creating emboss/data/AAINDEX/Makefile
config.status:1265: creating emboss/data/CODONS/Makefile
config.status:1265: creating emboss/data/JASPAR_CNE/Makefile
config.status:1265: creating emboss/data/JASPAR_CORE/Makefile
config.status:1265: creating emboss/data/JASPAR_FAM/Makefile
config.status:1265: creating emboss/data/JASPAR_PBM/Makefile
config.status:1265: creating emboss/data/JASPAR_PBM_HLH/Makefile
config.status:1265: creating emboss/data/JASPAR_PBM_HOMEO/Makefile
config.status:1265: creating emboss/data/JASPAR_PHYLOFACTS/Makefile
config.status:1265: creating emboss/data/JASPAR_POLII/Makefile
config.status:1265: creating emboss/data/JASPAR_SPLICE/Makefile
config.status:1265: creating emboss/data/Makefile
config.status:1265: creating emboss/data/OBO/Makefile
config.status:1265: creating emboss/data/PRINTS/Makefile
config.status:1265: creating emboss/data/PROSITE/Makefile
config.status:1265: creating emboss/data/REBASE/Makefile
config.status:1265: creating emboss/data/TAXONOMY/Makefile
config.status:1265: creating emboss/index/Makefile
config.status:1265: creating jemboss/Makefile
config.status:1265: creating jemboss/runJemboss.sh
config.status:1265: creating jemboss/images/Makefile
config.status:1265: creating jemboss/lib/Makefile
config.status:1265: creating jemboss/lib/axis/Makefile
config.status:1265: creating jemboss/resources/Makefile
config.status:1265: creating jemboss/utils/Makefile
config.status:1265: creating nucleus/Makefile
config.status:1265: creating plplot/Makefile
config.status:1265: creating plplot/lib/Makefile
config.status:1265: creating test/Makefile
config.status:1265: creating test/data/Makefile
config.status:1265: creating test/embl/Makefile
config.status:1265: creating test/genbank/Makefile
config.status:1265: creating test/pir/Makefile
config.status:1265: creating test/swiss/Makefile
config.status:1265: creating test/swnew/Makefile
config.status:1265: creating test/testdb/Makefile
config.status:1265: creating ajax/core/config.h
config.status:1446: ajax/core/config.h is unchanged
config.status:1494: executing depfiles commands
config.status:1494: executing libtool commands

## ---------------- ##
## Cache variables. ##
## ---------------- ##

ac_cv_build=x86_64-apple-darwin13.3.0
ac_cv_c_bigendian=no
ac_cv_c_compiler_gnu=yes
ac_cv_c_const=yes
ac_cv_c_inline=inline
ac_cv_cxx_compiler_gnu=yes
ac_cv_env_ANT_set=
ac_cv_env_ANT_value=
ac_cv_env_AXIS2C_CFLAGS_set=
ac_cv_env_AXIS2C_CFLAGS_value=
ac_cv_env_AXIS2C_LIBS_set=
ac_cv_env_AXIS2C_LIBS_value=
ac_cv_env_CCC_set=
ac_cv_env_CCC_value=
ac_cv_env_CC_set=
ac_cv_env_CC_value=
ac_cv_env_CFLAGS_set=
ac_cv_env_CFLAGS_value=
ac_cv_env_CPPFLAGS_set=
ac_cv_env_CPPFLAGS_value=
ac_cv_env_CPP_set=
ac_cv_env_CPP_value=
ac_cv_env_CXXCPP_set=
ac_cv_env_CXXCPP_value=
ac_cv_env_CXXFLAGS_set=
ac_cv_env_CXXFLAGS_value=
ac_cv_env_CXX_set=
ac_cv_env_CXX_value=
ac_cv_env_JAR_set=
ac_cv_env_JAR_value=
ac_cv_env_JAVAC_set=
ac_cv_env_JAVAC_value=
ac_cv_env_JAVA_set=
ac_cv_env_JAVA_value=
ac_cv_env_LDFLAGS_set=
ac_cv_env_LDFLAGS_value=
ac_cv_env_LIBS_set=
ac_cv_env_LIBS_value=
ac_cv_env_PKG_CONFIG_LIBDIR_set=
ac_cv_env_PKG_CONFIG_LIBDIR_value=
ac_cv_env_PKG_CONFIG_PATH_set=
ac_cv_env_PKG_CONFIG_PATH_value=
ac_cv_env_PKG_CONFIG_set=
ac_cv_env_PKG_CONFIG_value=
ac_cv_env_XMKMF_set=
ac_cv_env_XMKMF_value=
ac_cv_env_build_alias_set=
ac_cv_env_build_alias_value=
ac_cv_env_host_alias_set=
ac_cv_env_host_alias_value=
ac_cv_env_target_alias_set=
ac_cv_env_target_alias_value=
ac_cv_func__doprnt=no
ac_cv_func_connect=yes
ac_cv_func_fork=yes
ac_cv_func_fork_works=yes
ac_cv_func_gethostbyname=yes
ac_cv_func_getpgrp_void=yes
ac_cv_func_memmove=yes
ac_cv_func_remove=yes
ac_cv_func_shmat=yes
ac_cv_func_strftime=yes
ac_cv_func_vfork=yes
ac_cv_func_vfork_works=yes
ac_cv_func_vprintf=yes
ac_cv_have_x='have_x=yes	ac_x_includes='\''/usr/X11/include'\''	ac_x_libraries='\''/usr/X11/lib'\'''
ac_cv_header_TargetConfig_h=no
ac_cv_header_X11_Xlib_h=yes
ac_cv_header_dirent_dirent_h=yes
ac_cv_header_dlfcn_h=yes
ac_cv_header_inttypes_h=yes
ac_cv_header_memory_h=yes
ac_cv_header_stdc=yes
ac_cv_header_stdint_h=yes
ac_cv_header_stdlib_h=yes
ac_cv_header_string_h=yes
ac_cv_header_strings_h=yes
ac_cv_header_sys_stat_h=yes
ac_cv_header_sys_types_h=yes
ac_cv_header_unistd_h=yes
ac_cv_header_vfork_h=no
ac_cv_host=x86_64-apple-darwin13.3.0
ac_cv_lib_ICE_IceConnectionNumber=yes
ac_cv_lib_c_socket=yes
ac_cv_lib_hpdf_HPDF_New=no
ac_cv_lib_m_main=yes
ac_cv_lib_png_png_destroy_read_struct=no
ac_cv_lib_z_inflateEnd=yes
ac_cv_objext=o
ac_cv_path_EGREP='/usr/bin/grep -E'
ac_cv_path_FGREP='/usr/bin/grep -F'
ac_cv_path_GREP=/usr/bin/grep
ac_cv_path_MYSQL_CONFIG=no
ac_cv_path_POSTGRESQL_CONFIG=no
ac_cv_path_SED=/usr/bin/sed
ac_cv_path_install='/usr/bin/install -c'
ac_cv_prog_AWK=awk
ac_cv_prog_CPP='gcc -E'
ac_cv_prog_CXXCPP='g++ -E'
ac_cv_prog_ac_ct_AR=ar
ac_cv_prog_ac_ct_CC=gcc
ac_cv_prog_ac_ct_CXX=g++
ac_cv_prog_ac_ct_DSYMUTIL=dsymutil
ac_cv_prog_ac_ct_LIPO=lipo
ac_cv_prog_ac_ct_NMEDIT=nmedit
ac_cv_prog_ac_ct_OTOOL=otool
ac_cv_prog_ac_ct_RANLIB=ranlib
ac_cv_prog_ac_ct_STRIP=strip
ac_cv_prog_cc_c89=
ac_cv_prog_cc_g=yes
ac_cv_prog_cxx_g=yes
ac_cv_prog_make_make_set=yes
ac_cv_search_opendir='none required'
ac_cv_struct_tm=time.h
ac_cv_type_pid_t=yes
ac_cv_type_size_t=yes
am_cv_CC_dependencies_compiler_type=gcc3
am_cv_CXX_dependencies_compiler_type=gcc3
lt_cv_apple_cc_single_mod=yes
lt_cv_ar_at_file=no
lt_cv_deplibs_check_method=pass_all
lt_cv_file_magic_cmd='$MAGIC_CMD'
lt_cv_file_magic_test_file=
lt_cv_ld_exported_symbols_list=yes
lt_cv_ld_force_load=yes
lt_cv_ld_reload_flag=-r
lt_cv_nm_interface='BSD nm'
lt_cv_objdir=.libs
lt_cv_path_LD=/Applications/Xcode.app/Contents/Developer/Toolchains/XcodeDefault.xctoolchain/usr/bin/ld
lt_cv_path_LDCXX=/Applications/Xcode.app/Contents/Developer/Toolchains/XcodeDefault.xctoolchain/usr/bin/ld
lt_cv_path_NM=/usr/bin/nm
lt_cv_path_mainfest_tool=no
lt_cv_prog_compiler_c_o=yes
lt_cv_prog_compiler_c_o_CXX=yes
lt_cv_prog_compiler_pic='-fno-common -DPIC'
lt_cv_prog_compiler_pic_CXX='-fno-common -DPIC'
lt_cv_prog_compiler_pic_works=yes
lt_cv_prog_compiler_pic_works_CXX=yes
lt_cv_prog_compiler_rtti_exceptions=yes
lt_cv_prog_compiler_static_works=no
lt_cv_prog_compiler_static_works_CXX=no
lt_cv_prog_gnu_ld=no
lt_cv_prog_gnu_ldcxx=no
lt_cv_sharedlib_from_linklib_cmd='printf %s\n'
lt_cv_sys_global_symbol_pipe='sed -n -e '\''s/^.*[	 ]\([BCDEGRST][BCDEGRST]*\)[	 ][	 ]*_\([_A-Za-z][_A-Za-z0-9]*\)$/\1 _\2 \2/p'\'' | sed '\''/ __gnu_lto/d'\'''
lt_cv_sys_global_symbol_to_c_name_address='sed -n -e '\''s/^: \([^ ]*\)[ ]*$/  {\"\1\", (void *) 0},/p'\'' -e '\''s/^[BCDEGRST]* \([^ ]*\) \([^ ]*\)$/  {"\2", (void *) \&\2},/p'\'''
lt_cv_sys_global_symbol_to_c_name_address_lib_prefix='sed -n -e '\''s/^: \([^ ]*\)[ ]*$/  {\"\1\", (void *) 0},/p'\'' -e '\''s/^[BCDEGRST]* \([^ ]*\) \(lib[^ ]*\)$/  {"\2", (void *) \&\2},/p'\'' -e '\''s/^[BCDEGRST]* \([^ ]*\) \([^ ]*\)$/  {"lib\2", (void *) \&\2},/p'\'''
lt_cv_sys_global_symbol_to_cdecl='sed -n -e '\''s/^T .* \(.*\)$/extern int \1();/p'\'' -e '\''s/^[BCDEGRST]* .* \(.*\)$/extern char \1;/p'\'''
lt_cv_sys_max_cmd_len=196608
lt_cv_to_host_file_cmd=func_convert_file_noop
lt_cv_to_tool_file_cmd=func_convert_file_noop

## ----------------- ##
## Output variables. ##
## ----------------- ##

ACLOCAL='${SHELL} /Users/danieljorge/Desktop/Emboss/EMBOSS-6.6.0/missing --run aclocal-1.12'
AJAX_FIXED_ROOT='\"/Users/danieljorge/Desktop/Emboss/EMBOSS-6.6.0/emboss\"'
AJAX_SYSTEM='\"Darwin\"'
AMDEPBACKSLASH='\'
AMDEP_FALSE='#'
AMDEP_TRUE=''
AMPDF_FALSE=''
AMPDF_TRUE='#'
AMPNG_FALSE=''
AMPNG_TRUE='#'
AMTAR='$${TAR-tar}'
ANT=''
AR='ar'
AUTOCONF='${SHELL} /Users/danieljorge/Desktop/Emboss/EMBOSS-6.6.0/missing --run autoconf'
AUTOHEADER='${SHELL} /Users/danieljorge/Desktop/Emboss/EMBOSS-6.6.0/missing --run autoheader'
AUTOMAKE='${SHELL} /Users/danieljorge/Desktop/Emboss/EMBOSS-6.6.0/missing --run automake-1.12'
AWK='awk'
AXIS2C_CFLAGS=''
AXIS2C_CPPFLAGS=''
AXIS2C_LDFLAGS=''
AXIS2C_LIBS=''
CC='gcc'
CCDEPMODE='depmode=gcc3'
CFLAGS='  -O2  -I/usr/X11/include'
CPP='gcc -E'
CPPFLAGS=' -DAJ_MACOSXLF'
CXX='g++'
CXXCPP='g++ -E'
CXXDEPMODE='depmode=gcc3'
CXXFLAGS='-g -O2'
CYGPATH_W='echo'
DEFS='-DHAVE_CONFIG_H'
DEPDIR='.deps'
DEVWARN_CFLAGS=''
DLLTOOL='false'
DSYMUTIL='dsymutil'
DUMPBIN=''
ECHO_C='\c'
ECHO_N=''
ECHO_T=''
EGREP='/usr/bin/grep -E'
EMBOSS_TOP='/Users/danieljorge/Desktop/Emboss/EMBOSS-6.6.0'
ESYSTEMLIBS_FALSE=''
ESYSTEMLIBS_TRUE='#'
EXEEXT=''
FGREP='/usr/bin/grep -F'
GREP='/usr/bin/grep'
HAVE_MEMMOVE=''
HAVE_STRERROR=''
INSTALL_DATA='${INSTALL} -m 644'
INSTALL_PROGRAM='${INSTALL}'
INSTALL_SCRIPT='${INSTALL}'
INSTALL_STRIP_PROGRAM='$(install_sh) -c -s'
ISAIXIA64_FALSE=''
ISAIXIA64_TRUE='#'
ISCYGWIN_FALSE=''
ISCYGWIN_TRUE='#'
ISSHARED_FALSE='#'
ISSHARED_TRUE=''
JAR=''
JAVA=''
JAVAC=''
JAVA_BUILD_FALSE=''
JAVA_BUILD_TRUE='#'
JAVA_CFLAGS=''
JAVA_CPPFLAGS=' -DNO_AUTH'
JAVA_LDFLAGS=''
LD='/Applications/Xcode.app/Contents/Developer/Toolchains/XcodeDefault.xctoolchain/usr/bin/ld'
LDFLAGS=''
LIBOBJS=''
LIBS='-lm '
LIBTOOL='$(SHELL) $(top_builddir)/libtool'
LIPO='lipo'
LN_S='ln -s'
LTLIBOBJS=''
MAKEINFO='${SHELL} /Users/danieljorge/Desktop/Emboss/EMBOSS-6.6.0/missing --run makeinfo'
MANIFEST_TOOL=':'
MKDIR_P='./install-sh -c -d'
MYSQL_CFLAGS=''
MYSQL_CONFIG='no'
MYSQL_CPPFLAGS=''
MYSQL_LDFLAGS=''
MYSQL_VERSION=''
NEEDAJAX_FALSE=''
NEEDAJAX_TRUE='#'
NM='/usr/bin/nm'
NMEDIT='nmedit'
OBJDUMP='false'
OBJEXT='o'
OTOOL64=':'
OTOOL='otool'
PACKAGE='EMBOSS'
PACKAGE_BUGREPORT='emboss-bug@emboss.open-bio.org'
PACKAGE_NAME='EMBOSS'
PACKAGE_STRING='EMBOSS 6.6.0'
PACKAGE_TARNAME='EMBOSS'
PACKAGE_URL='http://emboss.open-bio.org/'
PACKAGE_VERSION='6.6.0'
PATH_SEPARATOR=':'
PCRE_DATE='11-Apr-2009'
PCRE_LIB_VERSION='0:1:0'
PCRE_MAJOR='7'
PCRE_MINOR='9'
PCRE_POSIXLIB_VERSION='0:0:0'
PCRE_VERSION='7.9'
PKG_CONFIG=''
PKG_CONFIG_LIBDIR=''
PKG_CONFIG_PATH=''
POSIX_MALLOC_THRESHOLD='-DPOSIX_MALLOC_THRESHOLD=10'
POSTGRESQL_CFLAGS=''
POSTGRESQL_CONFIG='no'
POSTGRESQL_CPPFLAGS=''
POSTGRESQL_LDFLAGS=''
POSTGRESQL_VERSION=''
PURIFY_FALSE=''
PURIFY_TRUE='#'
RANLIB='ranlib'
SED='/usr/bin/sed'
SET_MAKE=''
SHELL='/bin/sh'
STRIP='strip'
VERSION='6.6.0'
WARN_CFLAGS=''
XLIB=' -L/usr/X11/lib -lX11 '
XMKMF=''
X_CFLAGS=' -I/usr/X11/include'
X_EXTRA_LIBS=''
X_LIBS=' -L/usr/X11/lib'
X_PRE_LIBS=' -lSM -lICE'
ac_ct_AR='ar'
ac_ct_CC='gcc'
ac_ct_CXX='g++'
ac_ct_DUMPBIN=''
am__EXEEXT_FALSE=''
am__EXEEXT_TRUE='#'
am__fastdepCC_FALSE='#'
am__fastdepCC_TRUE=''
am__fastdepCXX_FALSE='#'
am__fastdepCXX_TRUE=''
am__include='include'
am__isrc=''
am__leading_dot='.'
am__nodep='_no'
am__quote=''
am__tar='$${TAR-tar} chof - "$$tardir"'
am__untar='$${TAR-tar} xf -'
bindir='${exec_prefix}/bin'
build='x86_64-apple-darwin13.3.0'
build_alias=''
build_cpu='x86_64'
build_os='darwin13.3.0'
build_vendor='apple'
datadir='${datarootdir}'
datarootdir='${prefix}/share'
docdir='${datarootdir}/doc/${PACKAGE_TARNAME}'
dvidir='${docdir}'
exec_prefix='${prefix}'
host='x86_64-apple-darwin13.3.0'
host_alias=''
host_cpu='x86_64'
host_os='darwin13.3.0'
host_vendor='apple'
htmldir='${docdir}'
includedir='${prefix}/include'
infodir='${datarootdir}/info'
install_sh='${SHELL} /Users/danieljorge/Desktop/Emboss/EMBOSS-6.6.0/install-sh'
libdir='${exec_prefix}/lib'
libexecdir='${exec_prefix}/libexec'
localedir='${datarootdir}/locale'
localstatedir='${prefix}/var'
mandir='${datarootdir}/man'
mkdir_p='$(MKDIR_P)'
oldincludedir='/usr/include'
pdfdir='${docdir}'
prefix='/usr/local'
program_transform_name='s,x,x,'
psdir='${docdir}'
sbindir='${exec_prefix}/sbin'
sharedstatedir='${prefix}/com'
sysconfdir='${prefix}/etc'
target_alias=''

## ----------- ##
## confdefs.h. ##
## ----------- ##

/* confdefs.h */
#define PACKAGE_NAME "EMBOSS"
#define PACKAGE_TARNAME "EMBOSS"
#define PACKAGE_VERSION "6.6.0"
#define PACKAGE_STRING "EMBOSS 6.6.0"
#define PACKAGE_BUGREPORT "emboss-bug@emboss.open-bio.org"
#define PACKAGE_URL "http://emboss.open-bio.org/"
#define PACKAGE "EMBOSS"
#define VERSION "6.6.0"
#define STDC_HEADERS 1
#define HAVE_SYS_TYPES_H 1
#define HAVE_SYS_STAT_H 1
#define HAVE_STDLIB_H 1
#define HAVE_STRING_H 1
#define HAVE_MEMORY_H 1
#define HAVE_STRINGS_H 1
#define HAVE_INTTYPES_H 1
#define HAVE_STDINT_H 1
#define HAVE_UNISTD_H 1
#define HAVE_DLFCN_H 1
#define LT_OBJDIR ".libs/"
#define HAVE_DIRENT_H 1
#define STDC_HEADERS 1
#define HAVE_UNISTD_H 1
#define GETPGRP_VOID 1
#define HAVE_STRFTIME 1
#define HAVE_FORK 1
#define HAVE_VFORK 1
#define HAVE_WORKING_VFORK 1
#define HAVE_WORKING_FORK 1
#define HAVE_VPRINTF 1
#define HAVE_MEMMOVE 1
#define PLD_xwin 1
#define HAVE_LIBM 1

configure: exit 0
